#! /usr/bin/vvp
:ivl_version "10.0 (stable)";
:ivl_delay_selection "TYPICAL";
:vpi_time_precision + 0;
:vpi_module "system";
:vpi_module "vhdl_sys";
:vpi_module "v2005_math";
:vpi_module "va_math";
S_0x55bd1bb25da0 .scope module, "instr_ctrl" "instr_ctrl" 2 3;
 .timescale 0 0;
    .port_info 0 /INPUT 1 "clk"
    .port_info 1 /INPUT 32 "npc"
    .port_info 2 /INPUT 1 "get_npc"
    .port_info 3 /INPUT 1 "is_busy"
    .port_info 4 /OUTPUT 7 "opcode"
    .port_info 5 /OUTPUT 5 "rd"
    .port_info 6 /OUTPUT 3 "fun3"
    .port_info 7 /OUTPUT 5 "rs1"
    .port_info 8 /OUTPUT 5 "rs2"
    .port_info 9 /OUTPUT 7 "fun7"
    .port_info 10 /OUTPUT 32 "imm"
    .port_info 11 /OUTPUT 32 "opc"
o0x7f5e82d7f018 .functor BUFZ 1, C4<z>; HiZ drive
v0x55bd1bb435f0_0 .net "clk", 0 0, o0x7f5e82d7f018;  0 drivers
v0x55bd1bb43700_0 .net "fun3", 2 0, v0x55bd1bb363b0_0;  1 drivers
v0x55bd1bb437c0_0 .net "fun7", 6 0, v0x55bd1bb36490_0;  1 drivers
o0x7f5e82d8b558 .functor BUFZ 1, C4<z>; HiZ drive
v0x55bd1bb43860_0 .net "get_npc", 0 0, o0x7f5e82d8b558;  0 drivers
v0x55bd1bb43900_0 .net "imm", 31 0, v0x55bd1bb36550_0;  1 drivers
v0x55bd1bb439f0_0 .var "instr", 31 0;
o0x7f5e82d8b588 .functor BUFZ 1, C4<z>; HiZ drive
v0x55bd1bb43a90_0 .net "is_busy", 0 0, o0x7f5e82d8b588;  0 drivers
v0x55bd1bb43b30_0 .var "is_fetch", 0 0;
o0x7f5e82d8b5e8 .functor BUFZ 32, C4<zzzzzzzzzzzzzzzzzzzzzzzzzzzzzzzz>; HiZ drive
v0x55bd1bb43bf0_0 .net "npc", 31 0, o0x7f5e82d8b5e8;  0 drivers
o0x7f5e82d8b618 .functor BUFZ 32, C4<zzzzzzzzzzzzzzzzzzzzzzzzzzzzzzzz>; HiZ drive
v0x55bd1bb43cd0_0 .net "opc", 31 0, o0x7f5e82d8b618;  0 drivers
v0x55bd1bb43db0_0 .net "opcode", 6 0, v0x55bd1bb36760_0;  1 drivers
v0x55bd1bb43e70_0 .var "pc", 31 0;
v0x55bd1bb43f40_0 .net "rd", 4 0, v0x55bd1bb36840_0;  1 drivers
v0x55bd1bb44010_0 .net "rs1", 4 0, v0x55bd1bb36920_0;  1 drivers
v0x55bd1bb440e0_0 .net "rs2", 4 0, v0x55bd1bb36a00_0;  1 drivers
v0x55bd1bb441b0_0 .net "tmp_instr", 31 0, v0x55bd1bb43470_0;  1 drivers
E_0x55bd1badfdf0 .event posedge, v0x55bd1bb26300_0;
S_0x55bd1bb26050 .scope module, "decode" "decoder" 2 29, 3 3 0, S_0x55bd1bb25da0;
 .timescale 0 0;
    .port_info 0 /INPUT 1 "clk"
    .port_info 1 /INPUT 32 "instr"
    .port_info 2 /OUTPUT 5 "rd"
    .port_info 3 /OUTPUT 5 "rs1"
    .port_info 4 /OUTPUT 5 "rs2"
    .port_info 5 /OUTPUT 7 "opCode"
    .port_info 6 /OUTPUT 32 "imm"
    .port_info 7 /OUTPUT 3 "fun3"
    .port_info 8 /OUTPUT 7 "fun7"
v0x55bd1bb26300_0 .net "clk", 0 0, o0x7f5e82d7f018;  alias, 0 drivers
v0x55bd1bb363b0_0 .var "fun3", 2 0;
v0x55bd1bb36490_0 .var "fun7", 6 0;
v0x55bd1bb36550_0 .var "imm", 31 0;
v0x55bd1bb36630_0 .net "instr", 31 0, v0x55bd1bb439f0_0;  1 drivers
v0x55bd1bb36760_0 .var "opCode", 6 0;
v0x55bd1bb36840_0 .var "rd", 4 0;
v0x55bd1bb36920_0 .var "rs1", 4 0;
v0x55bd1bb36a00_0 .var "rs2", 4 0;
E_0x55bd1badf190 .event edge, v0x55bd1bb36630_0;
S_0x55bd1bb36c00 .scope module, "instr_mem" "ram" 2 22, 4 4 0, S_0x55bd1bb25da0;
 .timescale 0 0;
    .port_info 0 /INPUT 1 "clk"
    .port_info 1 /INPUT 32 "adr"
    .port_info 2 /INPUT 1 "load"
    .port_info 3 /INPUT 32 "in"
    .port_info 4 /OUTPUT 32 "out"
P_0x55bd1bb36da0 .param/l "MEM_SIZE" 0 4 12, +C4<00000000000000000000010000000000>;
v0x55bd1bb38f70_0 .net "adr", 31 0, v0x55bd1bb43e70_0;  1 drivers
v0x55bd1bb39070_0 .net "clk", 0 0, o0x7f5e82d7f018;  alias, 0 drivers
v0x55bd1bb39130_0 .var/i "i", 31 0;
L_0x7f5e82d36060 .functor BUFT 1, C4<00000000000000000000000000000000>, C4<0>, C4<0>, C4<0>;
v0x55bd1bb391d0_0 .net "in", 31 0, L_0x7f5e82d36060;  1 drivers
L_0x7f5e82d36018 .functor BUFT 1, C4<0>, C4<0>, C4<0>, C4<0>;
v0x55bd1bb39290_0 .net "load", 0 0, L_0x7f5e82d36018;  1 drivers
v0x55bd1bb393a0 .array "mem", 1023 0, 31 0;
v0x55bd1bb43470_0 .var "out", 31 0;
v0x55bd1bb393a0_0 .array/port v0x55bd1bb393a0, 0;
E_0x55bd1badf5b0/0 .event edge, v0x55bd1bb39290_0, v0x55bd1bb391d0_0, v0x55bd1bb38f70_0, v0x55bd1bb393a0_0;
v0x55bd1bb393a0_1 .array/port v0x55bd1bb393a0, 1;
v0x55bd1bb393a0_2 .array/port v0x55bd1bb393a0, 2;
v0x55bd1bb393a0_3 .array/port v0x55bd1bb393a0, 3;
v0x55bd1bb393a0_4 .array/port v0x55bd1bb393a0, 4;
E_0x55bd1badf5b0/1 .event edge, v0x55bd1bb393a0_1, v0x55bd1bb393a0_2, v0x55bd1bb393a0_3, v0x55bd1bb393a0_4;
v0x55bd1bb393a0_5 .array/port v0x55bd1bb393a0, 5;
v0x55bd1bb393a0_6 .array/port v0x55bd1bb393a0, 6;
v0x55bd1bb393a0_7 .array/port v0x55bd1bb393a0, 7;
v0x55bd1bb393a0_8 .array/port v0x55bd1bb393a0, 8;
E_0x55bd1badf5b0/2 .event edge, v0x55bd1bb393a0_5, v0x55bd1bb393a0_6, v0x55bd1bb393a0_7, v0x55bd1bb393a0_8;
v0x55bd1bb393a0_9 .array/port v0x55bd1bb393a0, 9;
v0x55bd1bb393a0_10 .array/port v0x55bd1bb393a0, 10;
v0x55bd1bb393a0_11 .array/port v0x55bd1bb393a0, 11;
v0x55bd1bb393a0_12 .array/port v0x55bd1bb393a0, 12;
E_0x55bd1badf5b0/3 .event edge, v0x55bd1bb393a0_9, v0x55bd1bb393a0_10, v0x55bd1bb393a0_11, v0x55bd1bb393a0_12;
v0x55bd1bb393a0_13 .array/port v0x55bd1bb393a0, 13;
v0x55bd1bb393a0_14 .array/port v0x55bd1bb393a0, 14;
v0x55bd1bb393a0_15 .array/port v0x55bd1bb393a0, 15;
v0x55bd1bb393a0_16 .array/port v0x55bd1bb393a0, 16;
E_0x55bd1badf5b0/4 .event edge, v0x55bd1bb393a0_13, v0x55bd1bb393a0_14, v0x55bd1bb393a0_15, v0x55bd1bb393a0_16;
v0x55bd1bb393a0_17 .array/port v0x55bd1bb393a0, 17;
v0x55bd1bb393a0_18 .array/port v0x55bd1bb393a0, 18;
v0x55bd1bb393a0_19 .array/port v0x55bd1bb393a0, 19;
v0x55bd1bb393a0_20 .array/port v0x55bd1bb393a0, 20;
E_0x55bd1badf5b0/5 .event edge, v0x55bd1bb393a0_17, v0x55bd1bb393a0_18, v0x55bd1bb393a0_19, v0x55bd1bb393a0_20;
v0x55bd1bb393a0_21 .array/port v0x55bd1bb393a0, 21;
v0x55bd1bb393a0_22 .array/port v0x55bd1bb393a0, 22;
v0x55bd1bb393a0_23 .array/port v0x55bd1bb393a0, 23;
v0x55bd1bb393a0_24 .array/port v0x55bd1bb393a0, 24;
E_0x55bd1badf5b0/6 .event edge, v0x55bd1bb393a0_21, v0x55bd1bb393a0_22, v0x55bd1bb393a0_23, v0x55bd1bb393a0_24;
v0x55bd1bb393a0_25 .array/port v0x55bd1bb393a0, 25;
v0x55bd1bb393a0_26 .array/port v0x55bd1bb393a0, 26;
v0x55bd1bb393a0_27 .array/port v0x55bd1bb393a0, 27;
v0x55bd1bb393a0_28 .array/port v0x55bd1bb393a0, 28;
E_0x55bd1badf5b0/7 .event edge, v0x55bd1bb393a0_25, v0x55bd1bb393a0_26, v0x55bd1bb393a0_27, v0x55bd1bb393a0_28;
v0x55bd1bb393a0_29 .array/port v0x55bd1bb393a0, 29;
v0x55bd1bb393a0_30 .array/port v0x55bd1bb393a0, 30;
v0x55bd1bb393a0_31 .array/port v0x55bd1bb393a0, 31;
v0x55bd1bb393a0_32 .array/port v0x55bd1bb393a0, 32;
E_0x55bd1badf5b0/8 .event edge, v0x55bd1bb393a0_29, v0x55bd1bb393a0_30, v0x55bd1bb393a0_31, v0x55bd1bb393a0_32;
v0x55bd1bb393a0_33 .array/port v0x55bd1bb393a0, 33;
v0x55bd1bb393a0_34 .array/port v0x55bd1bb393a0, 34;
v0x55bd1bb393a0_35 .array/port v0x55bd1bb393a0, 35;
v0x55bd1bb393a0_36 .array/port v0x55bd1bb393a0, 36;
E_0x55bd1badf5b0/9 .event edge, v0x55bd1bb393a0_33, v0x55bd1bb393a0_34, v0x55bd1bb393a0_35, v0x55bd1bb393a0_36;
v0x55bd1bb393a0_37 .array/port v0x55bd1bb393a0, 37;
v0x55bd1bb393a0_38 .array/port v0x55bd1bb393a0, 38;
v0x55bd1bb393a0_39 .array/port v0x55bd1bb393a0, 39;
v0x55bd1bb393a0_40 .array/port v0x55bd1bb393a0, 40;
E_0x55bd1badf5b0/10 .event edge, v0x55bd1bb393a0_37, v0x55bd1bb393a0_38, v0x55bd1bb393a0_39, v0x55bd1bb393a0_40;
v0x55bd1bb393a0_41 .array/port v0x55bd1bb393a0, 41;
v0x55bd1bb393a0_42 .array/port v0x55bd1bb393a0, 42;
v0x55bd1bb393a0_43 .array/port v0x55bd1bb393a0, 43;
v0x55bd1bb393a0_44 .array/port v0x55bd1bb393a0, 44;
E_0x55bd1badf5b0/11 .event edge, v0x55bd1bb393a0_41, v0x55bd1bb393a0_42, v0x55bd1bb393a0_43, v0x55bd1bb393a0_44;
v0x55bd1bb393a0_45 .array/port v0x55bd1bb393a0, 45;
v0x55bd1bb393a0_46 .array/port v0x55bd1bb393a0, 46;
v0x55bd1bb393a0_47 .array/port v0x55bd1bb393a0, 47;
v0x55bd1bb393a0_48 .array/port v0x55bd1bb393a0, 48;
E_0x55bd1badf5b0/12 .event edge, v0x55bd1bb393a0_45, v0x55bd1bb393a0_46, v0x55bd1bb393a0_47, v0x55bd1bb393a0_48;
v0x55bd1bb393a0_49 .array/port v0x55bd1bb393a0, 49;
v0x55bd1bb393a0_50 .array/port v0x55bd1bb393a0, 50;
v0x55bd1bb393a0_51 .array/port v0x55bd1bb393a0, 51;
v0x55bd1bb393a0_52 .array/port v0x55bd1bb393a0, 52;
E_0x55bd1badf5b0/13 .event edge, v0x55bd1bb393a0_49, v0x55bd1bb393a0_50, v0x55bd1bb393a0_51, v0x55bd1bb393a0_52;
v0x55bd1bb393a0_53 .array/port v0x55bd1bb393a0, 53;
v0x55bd1bb393a0_54 .array/port v0x55bd1bb393a0, 54;
v0x55bd1bb393a0_55 .array/port v0x55bd1bb393a0, 55;
v0x55bd1bb393a0_56 .array/port v0x55bd1bb393a0, 56;
E_0x55bd1badf5b0/14 .event edge, v0x55bd1bb393a0_53, v0x55bd1bb393a0_54, v0x55bd1bb393a0_55, v0x55bd1bb393a0_56;
v0x55bd1bb393a0_57 .array/port v0x55bd1bb393a0, 57;
v0x55bd1bb393a0_58 .array/port v0x55bd1bb393a0, 58;
v0x55bd1bb393a0_59 .array/port v0x55bd1bb393a0, 59;
v0x55bd1bb393a0_60 .array/port v0x55bd1bb393a0, 60;
E_0x55bd1badf5b0/15 .event edge, v0x55bd1bb393a0_57, v0x55bd1bb393a0_58, v0x55bd1bb393a0_59, v0x55bd1bb393a0_60;
v0x55bd1bb393a0_61 .array/port v0x55bd1bb393a0, 61;
v0x55bd1bb393a0_62 .array/port v0x55bd1bb393a0, 62;
v0x55bd1bb393a0_63 .array/port v0x55bd1bb393a0, 63;
v0x55bd1bb393a0_64 .array/port v0x55bd1bb393a0, 64;
E_0x55bd1badf5b0/16 .event edge, v0x55bd1bb393a0_61, v0x55bd1bb393a0_62, v0x55bd1bb393a0_63, v0x55bd1bb393a0_64;
v0x55bd1bb393a0_65 .array/port v0x55bd1bb393a0, 65;
v0x55bd1bb393a0_66 .array/port v0x55bd1bb393a0, 66;
v0x55bd1bb393a0_67 .array/port v0x55bd1bb393a0, 67;
v0x55bd1bb393a0_68 .array/port v0x55bd1bb393a0, 68;
E_0x55bd1badf5b0/17 .event edge, v0x55bd1bb393a0_65, v0x55bd1bb393a0_66, v0x55bd1bb393a0_67, v0x55bd1bb393a0_68;
v0x55bd1bb393a0_69 .array/port v0x55bd1bb393a0, 69;
v0x55bd1bb393a0_70 .array/port v0x55bd1bb393a0, 70;
v0x55bd1bb393a0_71 .array/port v0x55bd1bb393a0, 71;
v0x55bd1bb393a0_72 .array/port v0x55bd1bb393a0, 72;
E_0x55bd1badf5b0/18 .event edge, v0x55bd1bb393a0_69, v0x55bd1bb393a0_70, v0x55bd1bb393a0_71, v0x55bd1bb393a0_72;
v0x55bd1bb393a0_73 .array/port v0x55bd1bb393a0, 73;
v0x55bd1bb393a0_74 .array/port v0x55bd1bb393a0, 74;
v0x55bd1bb393a0_75 .array/port v0x55bd1bb393a0, 75;
v0x55bd1bb393a0_76 .array/port v0x55bd1bb393a0, 76;
E_0x55bd1badf5b0/19 .event edge, v0x55bd1bb393a0_73, v0x55bd1bb393a0_74, v0x55bd1bb393a0_75, v0x55bd1bb393a0_76;
v0x55bd1bb393a0_77 .array/port v0x55bd1bb393a0, 77;
v0x55bd1bb393a0_78 .array/port v0x55bd1bb393a0, 78;
v0x55bd1bb393a0_79 .array/port v0x55bd1bb393a0, 79;
v0x55bd1bb393a0_80 .array/port v0x55bd1bb393a0, 80;
E_0x55bd1badf5b0/20 .event edge, v0x55bd1bb393a0_77, v0x55bd1bb393a0_78, v0x55bd1bb393a0_79, v0x55bd1bb393a0_80;
v0x55bd1bb393a0_81 .array/port v0x55bd1bb393a0, 81;
v0x55bd1bb393a0_82 .array/port v0x55bd1bb393a0, 82;
v0x55bd1bb393a0_83 .array/port v0x55bd1bb393a0, 83;
v0x55bd1bb393a0_84 .array/port v0x55bd1bb393a0, 84;
E_0x55bd1badf5b0/21 .event edge, v0x55bd1bb393a0_81, v0x55bd1bb393a0_82, v0x55bd1bb393a0_83, v0x55bd1bb393a0_84;
v0x55bd1bb393a0_85 .array/port v0x55bd1bb393a0, 85;
v0x55bd1bb393a0_86 .array/port v0x55bd1bb393a0, 86;
v0x55bd1bb393a0_87 .array/port v0x55bd1bb393a0, 87;
v0x55bd1bb393a0_88 .array/port v0x55bd1bb393a0, 88;
E_0x55bd1badf5b0/22 .event edge, v0x55bd1bb393a0_85, v0x55bd1bb393a0_86, v0x55bd1bb393a0_87, v0x55bd1bb393a0_88;
v0x55bd1bb393a0_89 .array/port v0x55bd1bb393a0, 89;
v0x55bd1bb393a0_90 .array/port v0x55bd1bb393a0, 90;
v0x55bd1bb393a0_91 .array/port v0x55bd1bb393a0, 91;
v0x55bd1bb393a0_92 .array/port v0x55bd1bb393a0, 92;
E_0x55bd1badf5b0/23 .event edge, v0x55bd1bb393a0_89, v0x55bd1bb393a0_90, v0x55bd1bb393a0_91, v0x55bd1bb393a0_92;
v0x55bd1bb393a0_93 .array/port v0x55bd1bb393a0, 93;
v0x55bd1bb393a0_94 .array/port v0x55bd1bb393a0, 94;
v0x55bd1bb393a0_95 .array/port v0x55bd1bb393a0, 95;
v0x55bd1bb393a0_96 .array/port v0x55bd1bb393a0, 96;
E_0x55bd1badf5b0/24 .event edge, v0x55bd1bb393a0_93, v0x55bd1bb393a0_94, v0x55bd1bb393a0_95, v0x55bd1bb393a0_96;
v0x55bd1bb393a0_97 .array/port v0x55bd1bb393a0, 97;
v0x55bd1bb393a0_98 .array/port v0x55bd1bb393a0, 98;
v0x55bd1bb393a0_99 .array/port v0x55bd1bb393a0, 99;
v0x55bd1bb393a0_100 .array/port v0x55bd1bb393a0, 100;
E_0x55bd1badf5b0/25 .event edge, v0x55bd1bb393a0_97, v0x55bd1bb393a0_98, v0x55bd1bb393a0_99, v0x55bd1bb393a0_100;
v0x55bd1bb393a0_101 .array/port v0x55bd1bb393a0, 101;
v0x55bd1bb393a0_102 .array/port v0x55bd1bb393a0, 102;
v0x55bd1bb393a0_103 .array/port v0x55bd1bb393a0, 103;
v0x55bd1bb393a0_104 .array/port v0x55bd1bb393a0, 104;
E_0x55bd1badf5b0/26 .event edge, v0x55bd1bb393a0_101, v0x55bd1bb393a0_102, v0x55bd1bb393a0_103, v0x55bd1bb393a0_104;
v0x55bd1bb393a0_105 .array/port v0x55bd1bb393a0, 105;
v0x55bd1bb393a0_106 .array/port v0x55bd1bb393a0, 106;
v0x55bd1bb393a0_107 .array/port v0x55bd1bb393a0, 107;
v0x55bd1bb393a0_108 .array/port v0x55bd1bb393a0, 108;
E_0x55bd1badf5b0/27 .event edge, v0x55bd1bb393a0_105, v0x55bd1bb393a0_106, v0x55bd1bb393a0_107, v0x55bd1bb393a0_108;
v0x55bd1bb393a0_109 .array/port v0x55bd1bb393a0, 109;
v0x55bd1bb393a0_110 .array/port v0x55bd1bb393a0, 110;
v0x55bd1bb393a0_111 .array/port v0x55bd1bb393a0, 111;
v0x55bd1bb393a0_112 .array/port v0x55bd1bb393a0, 112;
E_0x55bd1badf5b0/28 .event edge, v0x55bd1bb393a0_109, v0x55bd1bb393a0_110, v0x55bd1bb393a0_111, v0x55bd1bb393a0_112;
v0x55bd1bb393a0_113 .array/port v0x55bd1bb393a0, 113;
v0x55bd1bb393a0_114 .array/port v0x55bd1bb393a0, 114;
v0x55bd1bb393a0_115 .array/port v0x55bd1bb393a0, 115;
v0x55bd1bb393a0_116 .array/port v0x55bd1bb393a0, 116;
E_0x55bd1badf5b0/29 .event edge, v0x55bd1bb393a0_113, v0x55bd1bb393a0_114, v0x55bd1bb393a0_115, v0x55bd1bb393a0_116;
v0x55bd1bb393a0_117 .array/port v0x55bd1bb393a0, 117;
v0x55bd1bb393a0_118 .array/port v0x55bd1bb393a0, 118;
v0x55bd1bb393a0_119 .array/port v0x55bd1bb393a0, 119;
v0x55bd1bb393a0_120 .array/port v0x55bd1bb393a0, 120;
E_0x55bd1badf5b0/30 .event edge, v0x55bd1bb393a0_117, v0x55bd1bb393a0_118, v0x55bd1bb393a0_119, v0x55bd1bb393a0_120;
v0x55bd1bb393a0_121 .array/port v0x55bd1bb393a0, 121;
v0x55bd1bb393a0_122 .array/port v0x55bd1bb393a0, 122;
v0x55bd1bb393a0_123 .array/port v0x55bd1bb393a0, 123;
v0x55bd1bb393a0_124 .array/port v0x55bd1bb393a0, 124;
E_0x55bd1badf5b0/31 .event edge, v0x55bd1bb393a0_121, v0x55bd1bb393a0_122, v0x55bd1bb393a0_123, v0x55bd1bb393a0_124;
v0x55bd1bb393a0_125 .array/port v0x55bd1bb393a0, 125;
v0x55bd1bb393a0_126 .array/port v0x55bd1bb393a0, 126;
v0x55bd1bb393a0_127 .array/port v0x55bd1bb393a0, 127;
v0x55bd1bb393a0_128 .array/port v0x55bd1bb393a0, 128;
E_0x55bd1badf5b0/32 .event edge, v0x55bd1bb393a0_125, v0x55bd1bb393a0_126, v0x55bd1bb393a0_127, v0x55bd1bb393a0_128;
v0x55bd1bb393a0_129 .array/port v0x55bd1bb393a0, 129;
v0x55bd1bb393a0_130 .array/port v0x55bd1bb393a0, 130;
v0x55bd1bb393a0_131 .array/port v0x55bd1bb393a0, 131;
v0x55bd1bb393a0_132 .array/port v0x55bd1bb393a0, 132;
E_0x55bd1badf5b0/33 .event edge, v0x55bd1bb393a0_129, v0x55bd1bb393a0_130, v0x55bd1bb393a0_131, v0x55bd1bb393a0_132;
v0x55bd1bb393a0_133 .array/port v0x55bd1bb393a0, 133;
v0x55bd1bb393a0_134 .array/port v0x55bd1bb393a0, 134;
v0x55bd1bb393a0_135 .array/port v0x55bd1bb393a0, 135;
v0x55bd1bb393a0_136 .array/port v0x55bd1bb393a0, 136;
E_0x55bd1badf5b0/34 .event edge, v0x55bd1bb393a0_133, v0x55bd1bb393a0_134, v0x55bd1bb393a0_135, v0x55bd1bb393a0_136;
v0x55bd1bb393a0_137 .array/port v0x55bd1bb393a0, 137;
v0x55bd1bb393a0_138 .array/port v0x55bd1bb393a0, 138;
v0x55bd1bb393a0_139 .array/port v0x55bd1bb393a0, 139;
v0x55bd1bb393a0_140 .array/port v0x55bd1bb393a0, 140;
E_0x55bd1badf5b0/35 .event edge, v0x55bd1bb393a0_137, v0x55bd1bb393a0_138, v0x55bd1bb393a0_139, v0x55bd1bb393a0_140;
v0x55bd1bb393a0_141 .array/port v0x55bd1bb393a0, 141;
v0x55bd1bb393a0_142 .array/port v0x55bd1bb393a0, 142;
v0x55bd1bb393a0_143 .array/port v0x55bd1bb393a0, 143;
v0x55bd1bb393a0_144 .array/port v0x55bd1bb393a0, 144;
E_0x55bd1badf5b0/36 .event edge, v0x55bd1bb393a0_141, v0x55bd1bb393a0_142, v0x55bd1bb393a0_143, v0x55bd1bb393a0_144;
v0x55bd1bb393a0_145 .array/port v0x55bd1bb393a0, 145;
v0x55bd1bb393a0_146 .array/port v0x55bd1bb393a0, 146;
v0x55bd1bb393a0_147 .array/port v0x55bd1bb393a0, 147;
v0x55bd1bb393a0_148 .array/port v0x55bd1bb393a0, 148;
E_0x55bd1badf5b0/37 .event edge, v0x55bd1bb393a0_145, v0x55bd1bb393a0_146, v0x55bd1bb393a0_147, v0x55bd1bb393a0_148;
v0x55bd1bb393a0_149 .array/port v0x55bd1bb393a0, 149;
v0x55bd1bb393a0_150 .array/port v0x55bd1bb393a0, 150;
v0x55bd1bb393a0_151 .array/port v0x55bd1bb393a0, 151;
v0x55bd1bb393a0_152 .array/port v0x55bd1bb393a0, 152;
E_0x55bd1badf5b0/38 .event edge, v0x55bd1bb393a0_149, v0x55bd1bb393a0_150, v0x55bd1bb393a0_151, v0x55bd1bb393a0_152;
v0x55bd1bb393a0_153 .array/port v0x55bd1bb393a0, 153;
v0x55bd1bb393a0_154 .array/port v0x55bd1bb393a0, 154;
v0x55bd1bb393a0_155 .array/port v0x55bd1bb393a0, 155;
v0x55bd1bb393a0_156 .array/port v0x55bd1bb393a0, 156;
E_0x55bd1badf5b0/39 .event edge, v0x55bd1bb393a0_153, v0x55bd1bb393a0_154, v0x55bd1bb393a0_155, v0x55bd1bb393a0_156;
v0x55bd1bb393a0_157 .array/port v0x55bd1bb393a0, 157;
v0x55bd1bb393a0_158 .array/port v0x55bd1bb393a0, 158;
v0x55bd1bb393a0_159 .array/port v0x55bd1bb393a0, 159;
v0x55bd1bb393a0_160 .array/port v0x55bd1bb393a0, 160;
E_0x55bd1badf5b0/40 .event edge, v0x55bd1bb393a0_157, v0x55bd1bb393a0_158, v0x55bd1bb393a0_159, v0x55bd1bb393a0_160;
v0x55bd1bb393a0_161 .array/port v0x55bd1bb393a0, 161;
v0x55bd1bb393a0_162 .array/port v0x55bd1bb393a0, 162;
v0x55bd1bb393a0_163 .array/port v0x55bd1bb393a0, 163;
v0x55bd1bb393a0_164 .array/port v0x55bd1bb393a0, 164;
E_0x55bd1badf5b0/41 .event edge, v0x55bd1bb393a0_161, v0x55bd1bb393a0_162, v0x55bd1bb393a0_163, v0x55bd1bb393a0_164;
v0x55bd1bb393a0_165 .array/port v0x55bd1bb393a0, 165;
v0x55bd1bb393a0_166 .array/port v0x55bd1bb393a0, 166;
v0x55bd1bb393a0_167 .array/port v0x55bd1bb393a0, 167;
v0x55bd1bb393a0_168 .array/port v0x55bd1bb393a0, 168;
E_0x55bd1badf5b0/42 .event edge, v0x55bd1bb393a0_165, v0x55bd1bb393a0_166, v0x55bd1bb393a0_167, v0x55bd1bb393a0_168;
v0x55bd1bb393a0_169 .array/port v0x55bd1bb393a0, 169;
v0x55bd1bb393a0_170 .array/port v0x55bd1bb393a0, 170;
v0x55bd1bb393a0_171 .array/port v0x55bd1bb393a0, 171;
v0x55bd1bb393a0_172 .array/port v0x55bd1bb393a0, 172;
E_0x55bd1badf5b0/43 .event edge, v0x55bd1bb393a0_169, v0x55bd1bb393a0_170, v0x55bd1bb393a0_171, v0x55bd1bb393a0_172;
v0x55bd1bb393a0_173 .array/port v0x55bd1bb393a0, 173;
v0x55bd1bb393a0_174 .array/port v0x55bd1bb393a0, 174;
v0x55bd1bb393a0_175 .array/port v0x55bd1bb393a0, 175;
v0x55bd1bb393a0_176 .array/port v0x55bd1bb393a0, 176;
E_0x55bd1badf5b0/44 .event edge, v0x55bd1bb393a0_173, v0x55bd1bb393a0_174, v0x55bd1bb393a0_175, v0x55bd1bb393a0_176;
v0x55bd1bb393a0_177 .array/port v0x55bd1bb393a0, 177;
v0x55bd1bb393a0_178 .array/port v0x55bd1bb393a0, 178;
v0x55bd1bb393a0_179 .array/port v0x55bd1bb393a0, 179;
v0x55bd1bb393a0_180 .array/port v0x55bd1bb393a0, 180;
E_0x55bd1badf5b0/45 .event edge, v0x55bd1bb393a0_177, v0x55bd1bb393a0_178, v0x55bd1bb393a0_179, v0x55bd1bb393a0_180;
v0x55bd1bb393a0_181 .array/port v0x55bd1bb393a0, 181;
v0x55bd1bb393a0_182 .array/port v0x55bd1bb393a0, 182;
v0x55bd1bb393a0_183 .array/port v0x55bd1bb393a0, 183;
v0x55bd1bb393a0_184 .array/port v0x55bd1bb393a0, 184;
E_0x55bd1badf5b0/46 .event edge, v0x55bd1bb393a0_181, v0x55bd1bb393a0_182, v0x55bd1bb393a0_183, v0x55bd1bb393a0_184;
v0x55bd1bb393a0_185 .array/port v0x55bd1bb393a0, 185;
v0x55bd1bb393a0_186 .array/port v0x55bd1bb393a0, 186;
v0x55bd1bb393a0_187 .array/port v0x55bd1bb393a0, 187;
v0x55bd1bb393a0_188 .array/port v0x55bd1bb393a0, 188;
E_0x55bd1badf5b0/47 .event edge, v0x55bd1bb393a0_185, v0x55bd1bb393a0_186, v0x55bd1bb393a0_187, v0x55bd1bb393a0_188;
v0x55bd1bb393a0_189 .array/port v0x55bd1bb393a0, 189;
v0x55bd1bb393a0_190 .array/port v0x55bd1bb393a0, 190;
v0x55bd1bb393a0_191 .array/port v0x55bd1bb393a0, 191;
v0x55bd1bb393a0_192 .array/port v0x55bd1bb393a0, 192;
E_0x55bd1badf5b0/48 .event edge, v0x55bd1bb393a0_189, v0x55bd1bb393a0_190, v0x55bd1bb393a0_191, v0x55bd1bb393a0_192;
v0x55bd1bb393a0_193 .array/port v0x55bd1bb393a0, 193;
v0x55bd1bb393a0_194 .array/port v0x55bd1bb393a0, 194;
v0x55bd1bb393a0_195 .array/port v0x55bd1bb393a0, 195;
v0x55bd1bb393a0_196 .array/port v0x55bd1bb393a0, 196;
E_0x55bd1badf5b0/49 .event edge, v0x55bd1bb393a0_193, v0x55bd1bb393a0_194, v0x55bd1bb393a0_195, v0x55bd1bb393a0_196;
v0x55bd1bb393a0_197 .array/port v0x55bd1bb393a0, 197;
v0x55bd1bb393a0_198 .array/port v0x55bd1bb393a0, 198;
v0x55bd1bb393a0_199 .array/port v0x55bd1bb393a0, 199;
v0x55bd1bb393a0_200 .array/port v0x55bd1bb393a0, 200;
E_0x55bd1badf5b0/50 .event edge, v0x55bd1bb393a0_197, v0x55bd1bb393a0_198, v0x55bd1bb393a0_199, v0x55bd1bb393a0_200;
v0x55bd1bb393a0_201 .array/port v0x55bd1bb393a0, 201;
v0x55bd1bb393a0_202 .array/port v0x55bd1bb393a0, 202;
v0x55bd1bb393a0_203 .array/port v0x55bd1bb393a0, 203;
v0x55bd1bb393a0_204 .array/port v0x55bd1bb393a0, 204;
E_0x55bd1badf5b0/51 .event edge, v0x55bd1bb393a0_201, v0x55bd1bb393a0_202, v0x55bd1bb393a0_203, v0x55bd1bb393a0_204;
v0x55bd1bb393a0_205 .array/port v0x55bd1bb393a0, 205;
v0x55bd1bb393a0_206 .array/port v0x55bd1bb393a0, 206;
v0x55bd1bb393a0_207 .array/port v0x55bd1bb393a0, 207;
v0x55bd1bb393a0_208 .array/port v0x55bd1bb393a0, 208;
E_0x55bd1badf5b0/52 .event edge, v0x55bd1bb393a0_205, v0x55bd1bb393a0_206, v0x55bd1bb393a0_207, v0x55bd1bb393a0_208;
v0x55bd1bb393a0_209 .array/port v0x55bd1bb393a0, 209;
v0x55bd1bb393a0_210 .array/port v0x55bd1bb393a0, 210;
v0x55bd1bb393a0_211 .array/port v0x55bd1bb393a0, 211;
v0x55bd1bb393a0_212 .array/port v0x55bd1bb393a0, 212;
E_0x55bd1badf5b0/53 .event edge, v0x55bd1bb393a0_209, v0x55bd1bb393a0_210, v0x55bd1bb393a0_211, v0x55bd1bb393a0_212;
v0x55bd1bb393a0_213 .array/port v0x55bd1bb393a0, 213;
v0x55bd1bb393a0_214 .array/port v0x55bd1bb393a0, 214;
v0x55bd1bb393a0_215 .array/port v0x55bd1bb393a0, 215;
v0x55bd1bb393a0_216 .array/port v0x55bd1bb393a0, 216;
E_0x55bd1badf5b0/54 .event edge, v0x55bd1bb393a0_213, v0x55bd1bb393a0_214, v0x55bd1bb393a0_215, v0x55bd1bb393a0_216;
v0x55bd1bb393a0_217 .array/port v0x55bd1bb393a0, 217;
v0x55bd1bb393a0_218 .array/port v0x55bd1bb393a0, 218;
v0x55bd1bb393a0_219 .array/port v0x55bd1bb393a0, 219;
v0x55bd1bb393a0_220 .array/port v0x55bd1bb393a0, 220;
E_0x55bd1badf5b0/55 .event edge, v0x55bd1bb393a0_217, v0x55bd1bb393a0_218, v0x55bd1bb393a0_219, v0x55bd1bb393a0_220;
v0x55bd1bb393a0_221 .array/port v0x55bd1bb393a0, 221;
v0x55bd1bb393a0_222 .array/port v0x55bd1bb393a0, 222;
v0x55bd1bb393a0_223 .array/port v0x55bd1bb393a0, 223;
v0x55bd1bb393a0_224 .array/port v0x55bd1bb393a0, 224;
E_0x55bd1badf5b0/56 .event edge, v0x55bd1bb393a0_221, v0x55bd1bb393a0_222, v0x55bd1bb393a0_223, v0x55bd1bb393a0_224;
v0x55bd1bb393a0_225 .array/port v0x55bd1bb393a0, 225;
v0x55bd1bb393a0_226 .array/port v0x55bd1bb393a0, 226;
v0x55bd1bb393a0_227 .array/port v0x55bd1bb393a0, 227;
v0x55bd1bb393a0_228 .array/port v0x55bd1bb393a0, 228;
E_0x55bd1badf5b0/57 .event edge, v0x55bd1bb393a0_225, v0x55bd1bb393a0_226, v0x55bd1bb393a0_227, v0x55bd1bb393a0_228;
v0x55bd1bb393a0_229 .array/port v0x55bd1bb393a0, 229;
v0x55bd1bb393a0_230 .array/port v0x55bd1bb393a0, 230;
v0x55bd1bb393a0_231 .array/port v0x55bd1bb393a0, 231;
v0x55bd1bb393a0_232 .array/port v0x55bd1bb393a0, 232;
E_0x55bd1badf5b0/58 .event edge, v0x55bd1bb393a0_229, v0x55bd1bb393a0_230, v0x55bd1bb393a0_231, v0x55bd1bb393a0_232;
v0x55bd1bb393a0_233 .array/port v0x55bd1bb393a0, 233;
v0x55bd1bb393a0_234 .array/port v0x55bd1bb393a0, 234;
v0x55bd1bb393a0_235 .array/port v0x55bd1bb393a0, 235;
v0x55bd1bb393a0_236 .array/port v0x55bd1bb393a0, 236;
E_0x55bd1badf5b0/59 .event edge, v0x55bd1bb393a0_233, v0x55bd1bb393a0_234, v0x55bd1bb393a0_235, v0x55bd1bb393a0_236;
v0x55bd1bb393a0_237 .array/port v0x55bd1bb393a0, 237;
v0x55bd1bb393a0_238 .array/port v0x55bd1bb393a0, 238;
v0x55bd1bb393a0_239 .array/port v0x55bd1bb393a0, 239;
v0x55bd1bb393a0_240 .array/port v0x55bd1bb393a0, 240;
E_0x55bd1badf5b0/60 .event edge, v0x55bd1bb393a0_237, v0x55bd1bb393a0_238, v0x55bd1bb393a0_239, v0x55bd1bb393a0_240;
v0x55bd1bb393a0_241 .array/port v0x55bd1bb393a0, 241;
v0x55bd1bb393a0_242 .array/port v0x55bd1bb393a0, 242;
v0x55bd1bb393a0_243 .array/port v0x55bd1bb393a0, 243;
v0x55bd1bb393a0_244 .array/port v0x55bd1bb393a0, 244;
E_0x55bd1badf5b0/61 .event edge, v0x55bd1bb393a0_241, v0x55bd1bb393a0_242, v0x55bd1bb393a0_243, v0x55bd1bb393a0_244;
v0x55bd1bb393a0_245 .array/port v0x55bd1bb393a0, 245;
v0x55bd1bb393a0_246 .array/port v0x55bd1bb393a0, 246;
v0x55bd1bb393a0_247 .array/port v0x55bd1bb393a0, 247;
v0x55bd1bb393a0_248 .array/port v0x55bd1bb393a0, 248;
E_0x55bd1badf5b0/62 .event edge, v0x55bd1bb393a0_245, v0x55bd1bb393a0_246, v0x55bd1bb393a0_247, v0x55bd1bb393a0_248;
v0x55bd1bb393a0_249 .array/port v0x55bd1bb393a0, 249;
v0x55bd1bb393a0_250 .array/port v0x55bd1bb393a0, 250;
v0x55bd1bb393a0_251 .array/port v0x55bd1bb393a0, 251;
v0x55bd1bb393a0_252 .array/port v0x55bd1bb393a0, 252;
E_0x55bd1badf5b0/63 .event edge, v0x55bd1bb393a0_249, v0x55bd1bb393a0_250, v0x55bd1bb393a0_251, v0x55bd1bb393a0_252;
v0x55bd1bb393a0_253 .array/port v0x55bd1bb393a0, 253;
v0x55bd1bb393a0_254 .array/port v0x55bd1bb393a0, 254;
v0x55bd1bb393a0_255 .array/port v0x55bd1bb393a0, 255;
v0x55bd1bb393a0_256 .array/port v0x55bd1bb393a0, 256;
E_0x55bd1badf5b0/64 .event edge, v0x55bd1bb393a0_253, v0x55bd1bb393a0_254, v0x55bd1bb393a0_255, v0x55bd1bb393a0_256;
v0x55bd1bb393a0_257 .array/port v0x55bd1bb393a0, 257;
v0x55bd1bb393a0_258 .array/port v0x55bd1bb393a0, 258;
v0x55bd1bb393a0_259 .array/port v0x55bd1bb393a0, 259;
v0x55bd1bb393a0_260 .array/port v0x55bd1bb393a0, 260;
E_0x55bd1badf5b0/65 .event edge, v0x55bd1bb393a0_257, v0x55bd1bb393a0_258, v0x55bd1bb393a0_259, v0x55bd1bb393a0_260;
v0x55bd1bb393a0_261 .array/port v0x55bd1bb393a0, 261;
v0x55bd1bb393a0_262 .array/port v0x55bd1bb393a0, 262;
v0x55bd1bb393a0_263 .array/port v0x55bd1bb393a0, 263;
v0x55bd1bb393a0_264 .array/port v0x55bd1bb393a0, 264;
E_0x55bd1badf5b0/66 .event edge, v0x55bd1bb393a0_261, v0x55bd1bb393a0_262, v0x55bd1bb393a0_263, v0x55bd1bb393a0_264;
v0x55bd1bb393a0_265 .array/port v0x55bd1bb393a0, 265;
v0x55bd1bb393a0_266 .array/port v0x55bd1bb393a0, 266;
v0x55bd1bb393a0_267 .array/port v0x55bd1bb393a0, 267;
v0x55bd1bb393a0_268 .array/port v0x55bd1bb393a0, 268;
E_0x55bd1badf5b0/67 .event edge, v0x55bd1bb393a0_265, v0x55bd1bb393a0_266, v0x55bd1bb393a0_267, v0x55bd1bb393a0_268;
v0x55bd1bb393a0_269 .array/port v0x55bd1bb393a0, 269;
v0x55bd1bb393a0_270 .array/port v0x55bd1bb393a0, 270;
v0x55bd1bb393a0_271 .array/port v0x55bd1bb393a0, 271;
v0x55bd1bb393a0_272 .array/port v0x55bd1bb393a0, 272;
E_0x55bd1badf5b0/68 .event edge, v0x55bd1bb393a0_269, v0x55bd1bb393a0_270, v0x55bd1bb393a0_271, v0x55bd1bb393a0_272;
v0x55bd1bb393a0_273 .array/port v0x55bd1bb393a0, 273;
v0x55bd1bb393a0_274 .array/port v0x55bd1bb393a0, 274;
v0x55bd1bb393a0_275 .array/port v0x55bd1bb393a0, 275;
v0x55bd1bb393a0_276 .array/port v0x55bd1bb393a0, 276;
E_0x55bd1badf5b0/69 .event edge, v0x55bd1bb393a0_273, v0x55bd1bb393a0_274, v0x55bd1bb393a0_275, v0x55bd1bb393a0_276;
v0x55bd1bb393a0_277 .array/port v0x55bd1bb393a0, 277;
v0x55bd1bb393a0_278 .array/port v0x55bd1bb393a0, 278;
v0x55bd1bb393a0_279 .array/port v0x55bd1bb393a0, 279;
v0x55bd1bb393a0_280 .array/port v0x55bd1bb393a0, 280;
E_0x55bd1badf5b0/70 .event edge, v0x55bd1bb393a0_277, v0x55bd1bb393a0_278, v0x55bd1bb393a0_279, v0x55bd1bb393a0_280;
v0x55bd1bb393a0_281 .array/port v0x55bd1bb393a0, 281;
v0x55bd1bb393a0_282 .array/port v0x55bd1bb393a0, 282;
v0x55bd1bb393a0_283 .array/port v0x55bd1bb393a0, 283;
v0x55bd1bb393a0_284 .array/port v0x55bd1bb393a0, 284;
E_0x55bd1badf5b0/71 .event edge, v0x55bd1bb393a0_281, v0x55bd1bb393a0_282, v0x55bd1bb393a0_283, v0x55bd1bb393a0_284;
v0x55bd1bb393a0_285 .array/port v0x55bd1bb393a0, 285;
v0x55bd1bb393a0_286 .array/port v0x55bd1bb393a0, 286;
v0x55bd1bb393a0_287 .array/port v0x55bd1bb393a0, 287;
v0x55bd1bb393a0_288 .array/port v0x55bd1bb393a0, 288;
E_0x55bd1badf5b0/72 .event edge, v0x55bd1bb393a0_285, v0x55bd1bb393a0_286, v0x55bd1bb393a0_287, v0x55bd1bb393a0_288;
v0x55bd1bb393a0_289 .array/port v0x55bd1bb393a0, 289;
v0x55bd1bb393a0_290 .array/port v0x55bd1bb393a0, 290;
v0x55bd1bb393a0_291 .array/port v0x55bd1bb393a0, 291;
v0x55bd1bb393a0_292 .array/port v0x55bd1bb393a0, 292;
E_0x55bd1badf5b0/73 .event edge, v0x55bd1bb393a0_289, v0x55bd1bb393a0_290, v0x55bd1bb393a0_291, v0x55bd1bb393a0_292;
v0x55bd1bb393a0_293 .array/port v0x55bd1bb393a0, 293;
v0x55bd1bb393a0_294 .array/port v0x55bd1bb393a0, 294;
v0x55bd1bb393a0_295 .array/port v0x55bd1bb393a0, 295;
v0x55bd1bb393a0_296 .array/port v0x55bd1bb393a0, 296;
E_0x55bd1badf5b0/74 .event edge, v0x55bd1bb393a0_293, v0x55bd1bb393a0_294, v0x55bd1bb393a0_295, v0x55bd1bb393a0_296;
v0x55bd1bb393a0_297 .array/port v0x55bd1bb393a0, 297;
v0x55bd1bb393a0_298 .array/port v0x55bd1bb393a0, 298;
v0x55bd1bb393a0_299 .array/port v0x55bd1bb393a0, 299;
v0x55bd1bb393a0_300 .array/port v0x55bd1bb393a0, 300;
E_0x55bd1badf5b0/75 .event edge, v0x55bd1bb393a0_297, v0x55bd1bb393a0_298, v0x55bd1bb393a0_299, v0x55bd1bb393a0_300;
v0x55bd1bb393a0_301 .array/port v0x55bd1bb393a0, 301;
v0x55bd1bb393a0_302 .array/port v0x55bd1bb393a0, 302;
v0x55bd1bb393a0_303 .array/port v0x55bd1bb393a0, 303;
v0x55bd1bb393a0_304 .array/port v0x55bd1bb393a0, 304;
E_0x55bd1badf5b0/76 .event edge, v0x55bd1bb393a0_301, v0x55bd1bb393a0_302, v0x55bd1bb393a0_303, v0x55bd1bb393a0_304;
v0x55bd1bb393a0_305 .array/port v0x55bd1bb393a0, 305;
v0x55bd1bb393a0_306 .array/port v0x55bd1bb393a0, 306;
v0x55bd1bb393a0_307 .array/port v0x55bd1bb393a0, 307;
v0x55bd1bb393a0_308 .array/port v0x55bd1bb393a0, 308;
E_0x55bd1badf5b0/77 .event edge, v0x55bd1bb393a0_305, v0x55bd1bb393a0_306, v0x55bd1bb393a0_307, v0x55bd1bb393a0_308;
v0x55bd1bb393a0_309 .array/port v0x55bd1bb393a0, 309;
v0x55bd1bb393a0_310 .array/port v0x55bd1bb393a0, 310;
v0x55bd1bb393a0_311 .array/port v0x55bd1bb393a0, 311;
v0x55bd1bb393a0_312 .array/port v0x55bd1bb393a0, 312;
E_0x55bd1badf5b0/78 .event edge, v0x55bd1bb393a0_309, v0x55bd1bb393a0_310, v0x55bd1bb393a0_311, v0x55bd1bb393a0_312;
v0x55bd1bb393a0_313 .array/port v0x55bd1bb393a0, 313;
v0x55bd1bb393a0_314 .array/port v0x55bd1bb393a0, 314;
v0x55bd1bb393a0_315 .array/port v0x55bd1bb393a0, 315;
v0x55bd1bb393a0_316 .array/port v0x55bd1bb393a0, 316;
E_0x55bd1badf5b0/79 .event edge, v0x55bd1bb393a0_313, v0x55bd1bb393a0_314, v0x55bd1bb393a0_315, v0x55bd1bb393a0_316;
v0x55bd1bb393a0_317 .array/port v0x55bd1bb393a0, 317;
v0x55bd1bb393a0_318 .array/port v0x55bd1bb393a0, 318;
v0x55bd1bb393a0_319 .array/port v0x55bd1bb393a0, 319;
v0x55bd1bb393a0_320 .array/port v0x55bd1bb393a0, 320;
E_0x55bd1badf5b0/80 .event edge, v0x55bd1bb393a0_317, v0x55bd1bb393a0_318, v0x55bd1bb393a0_319, v0x55bd1bb393a0_320;
v0x55bd1bb393a0_321 .array/port v0x55bd1bb393a0, 321;
v0x55bd1bb393a0_322 .array/port v0x55bd1bb393a0, 322;
v0x55bd1bb393a0_323 .array/port v0x55bd1bb393a0, 323;
v0x55bd1bb393a0_324 .array/port v0x55bd1bb393a0, 324;
E_0x55bd1badf5b0/81 .event edge, v0x55bd1bb393a0_321, v0x55bd1bb393a0_322, v0x55bd1bb393a0_323, v0x55bd1bb393a0_324;
v0x55bd1bb393a0_325 .array/port v0x55bd1bb393a0, 325;
v0x55bd1bb393a0_326 .array/port v0x55bd1bb393a0, 326;
v0x55bd1bb393a0_327 .array/port v0x55bd1bb393a0, 327;
v0x55bd1bb393a0_328 .array/port v0x55bd1bb393a0, 328;
E_0x55bd1badf5b0/82 .event edge, v0x55bd1bb393a0_325, v0x55bd1bb393a0_326, v0x55bd1bb393a0_327, v0x55bd1bb393a0_328;
v0x55bd1bb393a0_329 .array/port v0x55bd1bb393a0, 329;
v0x55bd1bb393a0_330 .array/port v0x55bd1bb393a0, 330;
v0x55bd1bb393a0_331 .array/port v0x55bd1bb393a0, 331;
v0x55bd1bb393a0_332 .array/port v0x55bd1bb393a0, 332;
E_0x55bd1badf5b0/83 .event edge, v0x55bd1bb393a0_329, v0x55bd1bb393a0_330, v0x55bd1bb393a0_331, v0x55bd1bb393a0_332;
v0x55bd1bb393a0_333 .array/port v0x55bd1bb393a0, 333;
v0x55bd1bb393a0_334 .array/port v0x55bd1bb393a0, 334;
v0x55bd1bb393a0_335 .array/port v0x55bd1bb393a0, 335;
v0x55bd1bb393a0_336 .array/port v0x55bd1bb393a0, 336;
E_0x55bd1badf5b0/84 .event edge, v0x55bd1bb393a0_333, v0x55bd1bb393a0_334, v0x55bd1bb393a0_335, v0x55bd1bb393a0_336;
v0x55bd1bb393a0_337 .array/port v0x55bd1bb393a0, 337;
v0x55bd1bb393a0_338 .array/port v0x55bd1bb393a0, 338;
v0x55bd1bb393a0_339 .array/port v0x55bd1bb393a0, 339;
v0x55bd1bb393a0_340 .array/port v0x55bd1bb393a0, 340;
E_0x55bd1badf5b0/85 .event edge, v0x55bd1bb393a0_337, v0x55bd1bb393a0_338, v0x55bd1bb393a0_339, v0x55bd1bb393a0_340;
v0x55bd1bb393a0_341 .array/port v0x55bd1bb393a0, 341;
v0x55bd1bb393a0_342 .array/port v0x55bd1bb393a0, 342;
v0x55bd1bb393a0_343 .array/port v0x55bd1bb393a0, 343;
v0x55bd1bb393a0_344 .array/port v0x55bd1bb393a0, 344;
E_0x55bd1badf5b0/86 .event edge, v0x55bd1bb393a0_341, v0x55bd1bb393a0_342, v0x55bd1bb393a0_343, v0x55bd1bb393a0_344;
v0x55bd1bb393a0_345 .array/port v0x55bd1bb393a0, 345;
v0x55bd1bb393a0_346 .array/port v0x55bd1bb393a0, 346;
v0x55bd1bb393a0_347 .array/port v0x55bd1bb393a0, 347;
v0x55bd1bb393a0_348 .array/port v0x55bd1bb393a0, 348;
E_0x55bd1badf5b0/87 .event edge, v0x55bd1bb393a0_345, v0x55bd1bb393a0_346, v0x55bd1bb393a0_347, v0x55bd1bb393a0_348;
v0x55bd1bb393a0_349 .array/port v0x55bd1bb393a0, 349;
v0x55bd1bb393a0_350 .array/port v0x55bd1bb393a0, 350;
v0x55bd1bb393a0_351 .array/port v0x55bd1bb393a0, 351;
v0x55bd1bb393a0_352 .array/port v0x55bd1bb393a0, 352;
E_0x55bd1badf5b0/88 .event edge, v0x55bd1bb393a0_349, v0x55bd1bb393a0_350, v0x55bd1bb393a0_351, v0x55bd1bb393a0_352;
v0x55bd1bb393a0_353 .array/port v0x55bd1bb393a0, 353;
v0x55bd1bb393a0_354 .array/port v0x55bd1bb393a0, 354;
v0x55bd1bb393a0_355 .array/port v0x55bd1bb393a0, 355;
v0x55bd1bb393a0_356 .array/port v0x55bd1bb393a0, 356;
E_0x55bd1badf5b0/89 .event edge, v0x55bd1bb393a0_353, v0x55bd1bb393a0_354, v0x55bd1bb393a0_355, v0x55bd1bb393a0_356;
v0x55bd1bb393a0_357 .array/port v0x55bd1bb393a0, 357;
v0x55bd1bb393a0_358 .array/port v0x55bd1bb393a0, 358;
v0x55bd1bb393a0_359 .array/port v0x55bd1bb393a0, 359;
v0x55bd1bb393a0_360 .array/port v0x55bd1bb393a0, 360;
E_0x55bd1badf5b0/90 .event edge, v0x55bd1bb393a0_357, v0x55bd1bb393a0_358, v0x55bd1bb393a0_359, v0x55bd1bb393a0_360;
v0x55bd1bb393a0_361 .array/port v0x55bd1bb393a0, 361;
v0x55bd1bb393a0_362 .array/port v0x55bd1bb393a0, 362;
v0x55bd1bb393a0_363 .array/port v0x55bd1bb393a0, 363;
v0x55bd1bb393a0_364 .array/port v0x55bd1bb393a0, 364;
E_0x55bd1badf5b0/91 .event edge, v0x55bd1bb393a0_361, v0x55bd1bb393a0_362, v0x55bd1bb393a0_363, v0x55bd1bb393a0_364;
v0x55bd1bb393a0_365 .array/port v0x55bd1bb393a0, 365;
v0x55bd1bb393a0_366 .array/port v0x55bd1bb393a0, 366;
v0x55bd1bb393a0_367 .array/port v0x55bd1bb393a0, 367;
v0x55bd1bb393a0_368 .array/port v0x55bd1bb393a0, 368;
E_0x55bd1badf5b0/92 .event edge, v0x55bd1bb393a0_365, v0x55bd1bb393a0_366, v0x55bd1bb393a0_367, v0x55bd1bb393a0_368;
v0x55bd1bb393a0_369 .array/port v0x55bd1bb393a0, 369;
v0x55bd1bb393a0_370 .array/port v0x55bd1bb393a0, 370;
v0x55bd1bb393a0_371 .array/port v0x55bd1bb393a0, 371;
v0x55bd1bb393a0_372 .array/port v0x55bd1bb393a0, 372;
E_0x55bd1badf5b0/93 .event edge, v0x55bd1bb393a0_369, v0x55bd1bb393a0_370, v0x55bd1bb393a0_371, v0x55bd1bb393a0_372;
v0x55bd1bb393a0_373 .array/port v0x55bd1bb393a0, 373;
v0x55bd1bb393a0_374 .array/port v0x55bd1bb393a0, 374;
v0x55bd1bb393a0_375 .array/port v0x55bd1bb393a0, 375;
v0x55bd1bb393a0_376 .array/port v0x55bd1bb393a0, 376;
E_0x55bd1badf5b0/94 .event edge, v0x55bd1bb393a0_373, v0x55bd1bb393a0_374, v0x55bd1bb393a0_375, v0x55bd1bb393a0_376;
v0x55bd1bb393a0_377 .array/port v0x55bd1bb393a0, 377;
v0x55bd1bb393a0_378 .array/port v0x55bd1bb393a0, 378;
v0x55bd1bb393a0_379 .array/port v0x55bd1bb393a0, 379;
v0x55bd1bb393a0_380 .array/port v0x55bd1bb393a0, 380;
E_0x55bd1badf5b0/95 .event edge, v0x55bd1bb393a0_377, v0x55bd1bb393a0_378, v0x55bd1bb393a0_379, v0x55bd1bb393a0_380;
v0x55bd1bb393a0_381 .array/port v0x55bd1bb393a0, 381;
v0x55bd1bb393a0_382 .array/port v0x55bd1bb393a0, 382;
v0x55bd1bb393a0_383 .array/port v0x55bd1bb393a0, 383;
v0x55bd1bb393a0_384 .array/port v0x55bd1bb393a0, 384;
E_0x55bd1badf5b0/96 .event edge, v0x55bd1bb393a0_381, v0x55bd1bb393a0_382, v0x55bd1bb393a0_383, v0x55bd1bb393a0_384;
v0x55bd1bb393a0_385 .array/port v0x55bd1bb393a0, 385;
v0x55bd1bb393a0_386 .array/port v0x55bd1bb393a0, 386;
v0x55bd1bb393a0_387 .array/port v0x55bd1bb393a0, 387;
v0x55bd1bb393a0_388 .array/port v0x55bd1bb393a0, 388;
E_0x55bd1badf5b0/97 .event edge, v0x55bd1bb393a0_385, v0x55bd1bb393a0_386, v0x55bd1bb393a0_387, v0x55bd1bb393a0_388;
v0x55bd1bb393a0_389 .array/port v0x55bd1bb393a0, 389;
v0x55bd1bb393a0_390 .array/port v0x55bd1bb393a0, 390;
v0x55bd1bb393a0_391 .array/port v0x55bd1bb393a0, 391;
v0x55bd1bb393a0_392 .array/port v0x55bd1bb393a0, 392;
E_0x55bd1badf5b0/98 .event edge, v0x55bd1bb393a0_389, v0x55bd1bb393a0_390, v0x55bd1bb393a0_391, v0x55bd1bb393a0_392;
v0x55bd1bb393a0_393 .array/port v0x55bd1bb393a0, 393;
v0x55bd1bb393a0_394 .array/port v0x55bd1bb393a0, 394;
v0x55bd1bb393a0_395 .array/port v0x55bd1bb393a0, 395;
v0x55bd1bb393a0_396 .array/port v0x55bd1bb393a0, 396;
E_0x55bd1badf5b0/99 .event edge, v0x55bd1bb393a0_393, v0x55bd1bb393a0_394, v0x55bd1bb393a0_395, v0x55bd1bb393a0_396;
v0x55bd1bb393a0_397 .array/port v0x55bd1bb393a0, 397;
v0x55bd1bb393a0_398 .array/port v0x55bd1bb393a0, 398;
v0x55bd1bb393a0_399 .array/port v0x55bd1bb393a0, 399;
v0x55bd1bb393a0_400 .array/port v0x55bd1bb393a0, 400;
E_0x55bd1badf5b0/100 .event edge, v0x55bd1bb393a0_397, v0x55bd1bb393a0_398, v0x55bd1bb393a0_399, v0x55bd1bb393a0_400;
v0x55bd1bb393a0_401 .array/port v0x55bd1bb393a0, 401;
v0x55bd1bb393a0_402 .array/port v0x55bd1bb393a0, 402;
v0x55bd1bb393a0_403 .array/port v0x55bd1bb393a0, 403;
v0x55bd1bb393a0_404 .array/port v0x55bd1bb393a0, 404;
E_0x55bd1badf5b0/101 .event edge, v0x55bd1bb393a0_401, v0x55bd1bb393a0_402, v0x55bd1bb393a0_403, v0x55bd1bb393a0_404;
v0x55bd1bb393a0_405 .array/port v0x55bd1bb393a0, 405;
v0x55bd1bb393a0_406 .array/port v0x55bd1bb393a0, 406;
v0x55bd1bb393a0_407 .array/port v0x55bd1bb393a0, 407;
v0x55bd1bb393a0_408 .array/port v0x55bd1bb393a0, 408;
E_0x55bd1badf5b0/102 .event edge, v0x55bd1bb393a0_405, v0x55bd1bb393a0_406, v0x55bd1bb393a0_407, v0x55bd1bb393a0_408;
v0x55bd1bb393a0_409 .array/port v0x55bd1bb393a0, 409;
v0x55bd1bb393a0_410 .array/port v0x55bd1bb393a0, 410;
v0x55bd1bb393a0_411 .array/port v0x55bd1bb393a0, 411;
v0x55bd1bb393a0_412 .array/port v0x55bd1bb393a0, 412;
E_0x55bd1badf5b0/103 .event edge, v0x55bd1bb393a0_409, v0x55bd1bb393a0_410, v0x55bd1bb393a0_411, v0x55bd1bb393a0_412;
v0x55bd1bb393a0_413 .array/port v0x55bd1bb393a0, 413;
v0x55bd1bb393a0_414 .array/port v0x55bd1bb393a0, 414;
v0x55bd1bb393a0_415 .array/port v0x55bd1bb393a0, 415;
v0x55bd1bb393a0_416 .array/port v0x55bd1bb393a0, 416;
E_0x55bd1badf5b0/104 .event edge, v0x55bd1bb393a0_413, v0x55bd1bb393a0_414, v0x55bd1bb393a0_415, v0x55bd1bb393a0_416;
v0x55bd1bb393a0_417 .array/port v0x55bd1bb393a0, 417;
v0x55bd1bb393a0_418 .array/port v0x55bd1bb393a0, 418;
v0x55bd1bb393a0_419 .array/port v0x55bd1bb393a0, 419;
v0x55bd1bb393a0_420 .array/port v0x55bd1bb393a0, 420;
E_0x55bd1badf5b0/105 .event edge, v0x55bd1bb393a0_417, v0x55bd1bb393a0_418, v0x55bd1bb393a0_419, v0x55bd1bb393a0_420;
v0x55bd1bb393a0_421 .array/port v0x55bd1bb393a0, 421;
v0x55bd1bb393a0_422 .array/port v0x55bd1bb393a0, 422;
v0x55bd1bb393a0_423 .array/port v0x55bd1bb393a0, 423;
v0x55bd1bb393a0_424 .array/port v0x55bd1bb393a0, 424;
E_0x55bd1badf5b0/106 .event edge, v0x55bd1bb393a0_421, v0x55bd1bb393a0_422, v0x55bd1bb393a0_423, v0x55bd1bb393a0_424;
v0x55bd1bb393a0_425 .array/port v0x55bd1bb393a0, 425;
v0x55bd1bb393a0_426 .array/port v0x55bd1bb393a0, 426;
v0x55bd1bb393a0_427 .array/port v0x55bd1bb393a0, 427;
v0x55bd1bb393a0_428 .array/port v0x55bd1bb393a0, 428;
E_0x55bd1badf5b0/107 .event edge, v0x55bd1bb393a0_425, v0x55bd1bb393a0_426, v0x55bd1bb393a0_427, v0x55bd1bb393a0_428;
v0x55bd1bb393a0_429 .array/port v0x55bd1bb393a0, 429;
v0x55bd1bb393a0_430 .array/port v0x55bd1bb393a0, 430;
v0x55bd1bb393a0_431 .array/port v0x55bd1bb393a0, 431;
v0x55bd1bb393a0_432 .array/port v0x55bd1bb393a0, 432;
E_0x55bd1badf5b0/108 .event edge, v0x55bd1bb393a0_429, v0x55bd1bb393a0_430, v0x55bd1bb393a0_431, v0x55bd1bb393a0_432;
v0x55bd1bb393a0_433 .array/port v0x55bd1bb393a0, 433;
v0x55bd1bb393a0_434 .array/port v0x55bd1bb393a0, 434;
v0x55bd1bb393a0_435 .array/port v0x55bd1bb393a0, 435;
v0x55bd1bb393a0_436 .array/port v0x55bd1bb393a0, 436;
E_0x55bd1badf5b0/109 .event edge, v0x55bd1bb393a0_433, v0x55bd1bb393a0_434, v0x55bd1bb393a0_435, v0x55bd1bb393a0_436;
v0x55bd1bb393a0_437 .array/port v0x55bd1bb393a0, 437;
v0x55bd1bb393a0_438 .array/port v0x55bd1bb393a0, 438;
v0x55bd1bb393a0_439 .array/port v0x55bd1bb393a0, 439;
v0x55bd1bb393a0_440 .array/port v0x55bd1bb393a0, 440;
E_0x55bd1badf5b0/110 .event edge, v0x55bd1bb393a0_437, v0x55bd1bb393a0_438, v0x55bd1bb393a0_439, v0x55bd1bb393a0_440;
v0x55bd1bb393a0_441 .array/port v0x55bd1bb393a0, 441;
v0x55bd1bb393a0_442 .array/port v0x55bd1bb393a0, 442;
v0x55bd1bb393a0_443 .array/port v0x55bd1bb393a0, 443;
v0x55bd1bb393a0_444 .array/port v0x55bd1bb393a0, 444;
E_0x55bd1badf5b0/111 .event edge, v0x55bd1bb393a0_441, v0x55bd1bb393a0_442, v0x55bd1bb393a0_443, v0x55bd1bb393a0_444;
v0x55bd1bb393a0_445 .array/port v0x55bd1bb393a0, 445;
v0x55bd1bb393a0_446 .array/port v0x55bd1bb393a0, 446;
v0x55bd1bb393a0_447 .array/port v0x55bd1bb393a0, 447;
v0x55bd1bb393a0_448 .array/port v0x55bd1bb393a0, 448;
E_0x55bd1badf5b0/112 .event edge, v0x55bd1bb393a0_445, v0x55bd1bb393a0_446, v0x55bd1bb393a0_447, v0x55bd1bb393a0_448;
v0x55bd1bb393a0_449 .array/port v0x55bd1bb393a0, 449;
v0x55bd1bb393a0_450 .array/port v0x55bd1bb393a0, 450;
v0x55bd1bb393a0_451 .array/port v0x55bd1bb393a0, 451;
v0x55bd1bb393a0_452 .array/port v0x55bd1bb393a0, 452;
E_0x55bd1badf5b0/113 .event edge, v0x55bd1bb393a0_449, v0x55bd1bb393a0_450, v0x55bd1bb393a0_451, v0x55bd1bb393a0_452;
v0x55bd1bb393a0_453 .array/port v0x55bd1bb393a0, 453;
v0x55bd1bb393a0_454 .array/port v0x55bd1bb393a0, 454;
v0x55bd1bb393a0_455 .array/port v0x55bd1bb393a0, 455;
v0x55bd1bb393a0_456 .array/port v0x55bd1bb393a0, 456;
E_0x55bd1badf5b0/114 .event edge, v0x55bd1bb393a0_453, v0x55bd1bb393a0_454, v0x55bd1bb393a0_455, v0x55bd1bb393a0_456;
v0x55bd1bb393a0_457 .array/port v0x55bd1bb393a0, 457;
v0x55bd1bb393a0_458 .array/port v0x55bd1bb393a0, 458;
v0x55bd1bb393a0_459 .array/port v0x55bd1bb393a0, 459;
v0x55bd1bb393a0_460 .array/port v0x55bd1bb393a0, 460;
E_0x55bd1badf5b0/115 .event edge, v0x55bd1bb393a0_457, v0x55bd1bb393a0_458, v0x55bd1bb393a0_459, v0x55bd1bb393a0_460;
v0x55bd1bb393a0_461 .array/port v0x55bd1bb393a0, 461;
v0x55bd1bb393a0_462 .array/port v0x55bd1bb393a0, 462;
v0x55bd1bb393a0_463 .array/port v0x55bd1bb393a0, 463;
v0x55bd1bb393a0_464 .array/port v0x55bd1bb393a0, 464;
E_0x55bd1badf5b0/116 .event edge, v0x55bd1bb393a0_461, v0x55bd1bb393a0_462, v0x55bd1bb393a0_463, v0x55bd1bb393a0_464;
v0x55bd1bb393a0_465 .array/port v0x55bd1bb393a0, 465;
v0x55bd1bb393a0_466 .array/port v0x55bd1bb393a0, 466;
v0x55bd1bb393a0_467 .array/port v0x55bd1bb393a0, 467;
v0x55bd1bb393a0_468 .array/port v0x55bd1bb393a0, 468;
E_0x55bd1badf5b0/117 .event edge, v0x55bd1bb393a0_465, v0x55bd1bb393a0_466, v0x55bd1bb393a0_467, v0x55bd1bb393a0_468;
v0x55bd1bb393a0_469 .array/port v0x55bd1bb393a0, 469;
v0x55bd1bb393a0_470 .array/port v0x55bd1bb393a0, 470;
v0x55bd1bb393a0_471 .array/port v0x55bd1bb393a0, 471;
v0x55bd1bb393a0_472 .array/port v0x55bd1bb393a0, 472;
E_0x55bd1badf5b0/118 .event edge, v0x55bd1bb393a0_469, v0x55bd1bb393a0_470, v0x55bd1bb393a0_471, v0x55bd1bb393a0_472;
v0x55bd1bb393a0_473 .array/port v0x55bd1bb393a0, 473;
v0x55bd1bb393a0_474 .array/port v0x55bd1bb393a0, 474;
v0x55bd1bb393a0_475 .array/port v0x55bd1bb393a0, 475;
v0x55bd1bb393a0_476 .array/port v0x55bd1bb393a0, 476;
E_0x55bd1badf5b0/119 .event edge, v0x55bd1bb393a0_473, v0x55bd1bb393a0_474, v0x55bd1bb393a0_475, v0x55bd1bb393a0_476;
v0x55bd1bb393a0_477 .array/port v0x55bd1bb393a0, 477;
v0x55bd1bb393a0_478 .array/port v0x55bd1bb393a0, 478;
v0x55bd1bb393a0_479 .array/port v0x55bd1bb393a0, 479;
v0x55bd1bb393a0_480 .array/port v0x55bd1bb393a0, 480;
E_0x55bd1badf5b0/120 .event edge, v0x55bd1bb393a0_477, v0x55bd1bb393a0_478, v0x55bd1bb393a0_479, v0x55bd1bb393a0_480;
v0x55bd1bb393a0_481 .array/port v0x55bd1bb393a0, 481;
v0x55bd1bb393a0_482 .array/port v0x55bd1bb393a0, 482;
v0x55bd1bb393a0_483 .array/port v0x55bd1bb393a0, 483;
v0x55bd1bb393a0_484 .array/port v0x55bd1bb393a0, 484;
E_0x55bd1badf5b0/121 .event edge, v0x55bd1bb393a0_481, v0x55bd1bb393a0_482, v0x55bd1bb393a0_483, v0x55bd1bb393a0_484;
v0x55bd1bb393a0_485 .array/port v0x55bd1bb393a0, 485;
v0x55bd1bb393a0_486 .array/port v0x55bd1bb393a0, 486;
v0x55bd1bb393a0_487 .array/port v0x55bd1bb393a0, 487;
v0x55bd1bb393a0_488 .array/port v0x55bd1bb393a0, 488;
E_0x55bd1badf5b0/122 .event edge, v0x55bd1bb393a0_485, v0x55bd1bb393a0_486, v0x55bd1bb393a0_487, v0x55bd1bb393a0_488;
v0x55bd1bb393a0_489 .array/port v0x55bd1bb393a0, 489;
v0x55bd1bb393a0_490 .array/port v0x55bd1bb393a0, 490;
v0x55bd1bb393a0_491 .array/port v0x55bd1bb393a0, 491;
v0x55bd1bb393a0_492 .array/port v0x55bd1bb393a0, 492;
E_0x55bd1badf5b0/123 .event edge, v0x55bd1bb393a0_489, v0x55bd1bb393a0_490, v0x55bd1bb393a0_491, v0x55bd1bb393a0_492;
v0x55bd1bb393a0_493 .array/port v0x55bd1bb393a0, 493;
v0x55bd1bb393a0_494 .array/port v0x55bd1bb393a0, 494;
v0x55bd1bb393a0_495 .array/port v0x55bd1bb393a0, 495;
v0x55bd1bb393a0_496 .array/port v0x55bd1bb393a0, 496;
E_0x55bd1badf5b0/124 .event edge, v0x55bd1bb393a0_493, v0x55bd1bb393a0_494, v0x55bd1bb393a0_495, v0x55bd1bb393a0_496;
v0x55bd1bb393a0_497 .array/port v0x55bd1bb393a0, 497;
v0x55bd1bb393a0_498 .array/port v0x55bd1bb393a0, 498;
v0x55bd1bb393a0_499 .array/port v0x55bd1bb393a0, 499;
v0x55bd1bb393a0_500 .array/port v0x55bd1bb393a0, 500;
E_0x55bd1badf5b0/125 .event edge, v0x55bd1bb393a0_497, v0x55bd1bb393a0_498, v0x55bd1bb393a0_499, v0x55bd1bb393a0_500;
v0x55bd1bb393a0_501 .array/port v0x55bd1bb393a0, 501;
v0x55bd1bb393a0_502 .array/port v0x55bd1bb393a0, 502;
v0x55bd1bb393a0_503 .array/port v0x55bd1bb393a0, 503;
v0x55bd1bb393a0_504 .array/port v0x55bd1bb393a0, 504;
E_0x55bd1badf5b0/126 .event edge, v0x55bd1bb393a0_501, v0x55bd1bb393a0_502, v0x55bd1bb393a0_503, v0x55bd1bb393a0_504;
v0x55bd1bb393a0_505 .array/port v0x55bd1bb393a0, 505;
v0x55bd1bb393a0_506 .array/port v0x55bd1bb393a0, 506;
v0x55bd1bb393a0_507 .array/port v0x55bd1bb393a0, 507;
v0x55bd1bb393a0_508 .array/port v0x55bd1bb393a0, 508;
E_0x55bd1badf5b0/127 .event edge, v0x55bd1bb393a0_505, v0x55bd1bb393a0_506, v0x55bd1bb393a0_507, v0x55bd1bb393a0_508;
v0x55bd1bb393a0_509 .array/port v0x55bd1bb393a0, 509;
v0x55bd1bb393a0_510 .array/port v0x55bd1bb393a0, 510;
v0x55bd1bb393a0_511 .array/port v0x55bd1bb393a0, 511;
v0x55bd1bb393a0_512 .array/port v0x55bd1bb393a0, 512;
E_0x55bd1badf5b0/128 .event edge, v0x55bd1bb393a0_509, v0x55bd1bb393a0_510, v0x55bd1bb393a0_511, v0x55bd1bb393a0_512;
v0x55bd1bb393a0_513 .array/port v0x55bd1bb393a0, 513;
v0x55bd1bb393a0_514 .array/port v0x55bd1bb393a0, 514;
v0x55bd1bb393a0_515 .array/port v0x55bd1bb393a0, 515;
v0x55bd1bb393a0_516 .array/port v0x55bd1bb393a0, 516;
E_0x55bd1badf5b0/129 .event edge, v0x55bd1bb393a0_513, v0x55bd1bb393a0_514, v0x55bd1bb393a0_515, v0x55bd1bb393a0_516;
v0x55bd1bb393a0_517 .array/port v0x55bd1bb393a0, 517;
v0x55bd1bb393a0_518 .array/port v0x55bd1bb393a0, 518;
v0x55bd1bb393a0_519 .array/port v0x55bd1bb393a0, 519;
v0x55bd1bb393a0_520 .array/port v0x55bd1bb393a0, 520;
E_0x55bd1badf5b0/130 .event edge, v0x55bd1bb393a0_517, v0x55bd1bb393a0_518, v0x55bd1bb393a0_519, v0x55bd1bb393a0_520;
v0x55bd1bb393a0_521 .array/port v0x55bd1bb393a0, 521;
v0x55bd1bb393a0_522 .array/port v0x55bd1bb393a0, 522;
v0x55bd1bb393a0_523 .array/port v0x55bd1bb393a0, 523;
v0x55bd1bb393a0_524 .array/port v0x55bd1bb393a0, 524;
E_0x55bd1badf5b0/131 .event edge, v0x55bd1bb393a0_521, v0x55bd1bb393a0_522, v0x55bd1bb393a0_523, v0x55bd1bb393a0_524;
v0x55bd1bb393a0_525 .array/port v0x55bd1bb393a0, 525;
v0x55bd1bb393a0_526 .array/port v0x55bd1bb393a0, 526;
v0x55bd1bb393a0_527 .array/port v0x55bd1bb393a0, 527;
v0x55bd1bb393a0_528 .array/port v0x55bd1bb393a0, 528;
E_0x55bd1badf5b0/132 .event edge, v0x55bd1bb393a0_525, v0x55bd1bb393a0_526, v0x55bd1bb393a0_527, v0x55bd1bb393a0_528;
v0x55bd1bb393a0_529 .array/port v0x55bd1bb393a0, 529;
v0x55bd1bb393a0_530 .array/port v0x55bd1bb393a0, 530;
v0x55bd1bb393a0_531 .array/port v0x55bd1bb393a0, 531;
v0x55bd1bb393a0_532 .array/port v0x55bd1bb393a0, 532;
E_0x55bd1badf5b0/133 .event edge, v0x55bd1bb393a0_529, v0x55bd1bb393a0_530, v0x55bd1bb393a0_531, v0x55bd1bb393a0_532;
v0x55bd1bb393a0_533 .array/port v0x55bd1bb393a0, 533;
v0x55bd1bb393a0_534 .array/port v0x55bd1bb393a0, 534;
v0x55bd1bb393a0_535 .array/port v0x55bd1bb393a0, 535;
v0x55bd1bb393a0_536 .array/port v0x55bd1bb393a0, 536;
E_0x55bd1badf5b0/134 .event edge, v0x55bd1bb393a0_533, v0x55bd1bb393a0_534, v0x55bd1bb393a0_535, v0x55bd1bb393a0_536;
v0x55bd1bb393a0_537 .array/port v0x55bd1bb393a0, 537;
v0x55bd1bb393a0_538 .array/port v0x55bd1bb393a0, 538;
v0x55bd1bb393a0_539 .array/port v0x55bd1bb393a0, 539;
v0x55bd1bb393a0_540 .array/port v0x55bd1bb393a0, 540;
E_0x55bd1badf5b0/135 .event edge, v0x55bd1bb393a0_537, v0x55bd1bb393a0_538, v0x55bd1bb393a0_539, v0x55bd1bb393a0_540;
v0x55bd1bb393a0_541 .array/port v0x55bd1bb393a0, 541;
v0x55bd1bb393a0_542 .array/port v0x55bd1bb393a0, 542;
v0x55bd1bb393a0_543 .array/port v0x55bd1bb393a0, 543;
v0x55bd1bb393a0_544 .array/port v0x55bd1bb393a0, 544;
E_0x55bd1badf5b0/136 .event edge, v0x55bd1bb393a0_541, v0x55bd1bb393a0_542, v0x55bd1bb393a0_543, v0x55bd1bb393a0_544;
v0x55bd1bb393a0_545 .array/port v0x55bd1bb393a0, 545;
v0x55bd1bb393a0_546 .array/port v0x55bd1bb393a0, 546;
v0x55bd1bb393a0_547 .array/port v0x55bd1bb393a0, 547;
v0x55bd1bb393a0_548 .array/port v0x55bd1bb393a0, 548;
E_0x55bd1badf5b0/137 .event edge, v0x55bd1bb393a0_545, v0x55bd1bb393a0_546, v0x55bd1bb393a0_547, v0x55bd1bb393a0_548;
v0x55bd1bb393a0_549 .array/port v0x55bd1bb393a0, 549;
v0x55bd1bb393a0_550 .array/port v0x55bd1bb393a0, 550;
v0x55bd1bb393a0_551 .array/port v0x55bd1bb393a0, 551;
v0x55bd1bb393a0_552 .array/port v0x55bd1bb393a0, 552;
E_0x55bd1badf5b0/138 .event edge, v0x55bd1bb393a0_549, v0x55bd1bb393a0_550, v0x55bd1bb393a0_551, v0x55bd1bb393a0_552;
v0x55bd1bb393a0_553 .array/port v0x55bd1bb393a0, 553;
v0x55bd1bb393a0_554 .array/port v0x55bd1bb393a0, 554;
v0x55bd1bb393a0_555 .array/port v0x55bd1bb393a0, 555;
v0x55bd1bb393a0_556 .array/port v0x55bd1bb393a0, 556;
E_0x55bd1badf5b0/139 .event edge, v0x55bd1bb393a0_553, v0x55bd1bb393a0_554, v0x55bd1bb393a0_555, v0x55bd1bb393a0_556;
v0x55bd1bb393a0_557 .array/port v0x55bd1bb393a0, 557;
v0x55bd1bb393a0_558 .array/port v0x55bd1bb393a0, 558;
v0x55bd1bb393a0_559 .array/port v0x55bd1bb393a0, 559;
v0x55bd1bb393a0_560 .array/port v0x55bd1bb393a0, 560;
E_0x55bd1badf5b0/140 .event edge, v0x55bd1bb393a0_557, v0x55bd1bb393a0_558, v0x55bd1bb393a0_559, v0x55bd1bb393a0_560;
v0x55bd1bb393a0_561 .array/port v0x55bd1bb393a0, 561;
v0x55bd1bb393a0_562 .array/port v0x55bd1bb393a0, 562;
v0x55bd1bb393a0_563 .array/port v0x55bd1bb393a0, 563;
v0x55bd1bb393a0_564 .array/port v0x55bd1bb393a0, 564;
E_0x55bd1badf5b0/141 .event edge, v0x55bd1bb393a0_561, v0x55bd1bb393a0_562, v0x55bd1bb393a0_563, v0x55bd1bb393a0_564;
v0x55bd1bb393a0_565 .array/port v0x55bd1bb393a0, 565;
v0x55bd1bb393a0_566 .array/port v0x55bd1bb393a0, 566;
v0x55bd1bb393a0_567 .array/port v0x55bd1bb393a0, 567;
v0x55bd1bb393a0_568 .array/port v0x55bd1bb393a0, 568;
E_0x55bd1badf5b0/142 .event edge, v0x55bd1bb393a0_565, v0x55bd1bb393a0_566, v0x55bd1bb393a0_567, v0x55bd1bb393a0_568;
v0x55bd1bb393a0_569 .array/port v0x55bd1bb393a0, 569;
v0x55bd1bb393a0_570 .array/port v0x55bd1bb393a0, 570;
v0x55bd1bb393a0_571 .array/port v0x55bd1bb393a0, 571;
v0x55bd1bb393a0_572 .array/port v0x55bd1bb393a0, 572;
E_0x55bd1badf5b0/143 .event edge, v0x55bd1bb393a0_569, v0x55bd1bb393a0_570, v0x55bd1bb393a0_571, v0x55bd1bb393a0_572;
v0x55bd1bb393a0_573 .array/port v0x55bd1bb393a0, 573;
v0x55bd1bb393a0_574 .array/port v0x55bd1bb393a0, 574;
v0x55bd1bb393a0_575 .array/port v0x55bd1bb393a0, 575;
v0x55bd1bb393a0_576 .array/port v0x55bd1bb393a0, 576;
E_0x55bd1badf5b0/144 .event edge, v0x55bd1bb393a0_573, v0x55bd1bb393a0_574, v0x55bd1bb393a0_575, v0x55bd1bb393a0_576;
v0x55bd1bb393a0_577 .array/port v0x55bd1bb393a0, 577;
v0x55bd1bb393a0_578 .array/port v0x55bd1bb393a0, 578;
v0x55bd1bb393a0_579 .array/port v0x55bd1bb393a0, 579;
v0x55bd1bb393a0_580 .array/port v0x55bd1bb393a0, 580;
E_0x55bd1badf5b0/145 .event edge, v0x55bd1bb393a0_577, v0x55bd1bb393a0_578, v0x55bd1bb393a0_579, v0x55bd1bb393a0_580;
v0x55bd1bb393a0_581 .array/port v0x55bd1bb393a0, 581;
v0x55bd1bb393a0_582 .array/port v0x55bd1bb393a0, 582;
v0x55bd1bb393a0_583 .array/port v0x55bd1bb393a0, 583;
v0x55bd1bb393a0_584 .array/port v0x55bd1bb393a0, 584;
E_0x55bd1badf5b0/146 .event edge, v0x55bd1bb393a0_581, v0x55bd1bb393a0_582, v0x55bd1bb393a0_583, v0x55bd1bb393a0_584;
v0x55bd1bb393a0_585 .array/port v0x55bd1bb393a0, 585;
v0x55bd1bb393a0_586 .array/port v0x55bd1bb393a0, 586;
v0x55bd1bb393a0_587 .array/port v0x55bd1bb393a0, 587;
v0x55bd1bb393a0_588 .array/port v0x55bd1bb393a0, 588;
E_0x55bd1badf5b0/147 .event edge, v0x55bd1bb393a0_585, v0x55bd1bb393a0_586, v0x55bd1bb393a0_587, v0x55bd1bb393a0_588;
v0x55bd1bb393a0_589 .array/port v0x55bd1bb393a0, 589;
v0x55bd1bb393a0_590 .array/port v0x55bd1bb393a0, 590;
v0x55bd1bb393a0_591 .array/port v0x55bd1bb393a0, 591;
v0x55bd1bb393a0_592 .array/port v0x55bd1bb393a0, 592;
E_0x55bd1badf5b0/148 .event edge, v0x55bd1bb393a0_589, v0x55bd1bb393a0_590, v0x55bd1bb393a0_591, v0x55bd1bb393a0_592;
v0x55bd1bb393a0_593 .array/port v0x55bd1bb393a0, 593;
v0x55bd1bb393a0_594 .array/port v0x55bd1bb393a0, 594;
v0x55bd1bb393a0_595 .array/port v0x55bd1bb393a0, 595;
v0x55bd1bb393a0_596 .array/port v0x55bd1bb393a0, 596;
E_0x55bd1badf5b0/149 .event edge, v0x55bd1bb393a0_593, v0x55bd1bb393a0_594, v0x55bd1bb393a0_595, v0x55bd1bb393a0_596;
v0x55bd1bb393a0_597 .array/port v0x55bd1bb393a0, 597;
v0x55bd1bb393a0_598 .array/port v0x55bd1bb393a0, 598;
v0x55bd1bb393a0_599 .array/port v0x55bd1bb393a0, 599;
v0x55bd1bb393a0_600 .array/port v0x55bd1bb393a0, 600;
E_0x55bd1badf5b0/150 .event edge, v0x55bd1bb393a0_597, v0x55bd1bb393a0_598, v0x55bd1bb393a0_599, v0x55bd1bb393a0_600;
v0x55bd1bb393a0_601 .array/port v0x55bd1bb393a0, 601;
v0x55bd1bb393a0_602 .array/port v0x55bd1bb393a0, 602;
v0x55bd1bb393a0_603 .array/port v0x55bd1bb393a0, 603;
v0x55bd1bb393a0_604 .array/port v0x55bd1bb393a0, 604;
E_0x55bd1badf5b0/151 .event edge, v0x55bd1bb393a0_601, v0x55bd1bb393a0_602, v0x55bd1bb393a0_603, v0x55bd1bb393a0_604;
v0x55bd1bb393a0_605 .array/port v0x55bd1bb393a0, 605;
v0x55bd1bb393a0_606 .array/port v0x55bd1bb393a0, 606;
v0x55bd1bb393a0_607 .array/port v0x55bd1bb393a0, 607;
v0x55bd1bb393a0_608 .array/port v0x55bd1bb393a0, 608;
E_0x55bd1badf5b0/152 .event edge, v0x55bd1bb393a0_605, v0x55bd1bb393a0_606, v0x55bd1bb393a0_607, v0x55bd1bb393a0_608;
v0x55bd1bb393a0_609 .array/port v0x55bd1bb393a0, 609;
v0x55bd1bb393a0_610 .array/port v0x55bd1bb393a0, 610;
v0x55bd1bb393a0_611 .array/port v0x55bd1bb393a0, 611;
v0x55bd1bb393a0_612 .array/port v0x55bd1bb393a0, 612;
E_0x55bd1badf5b0/153 .event edge, v0x55bd1bb393a0_609, v0x55bd1bb393a0_610, v0x55bd1bb393a0_611, v0x55bd1bb393a0_612;
v0x55bd1bb393a0_613 .array/port v0x55bd1bb393a0, 613;
v0x55bd1bb393a0_614 .array/port v0x55bd1bb393a0, 614;
v0x55bd1bb393a0_615 .array/port v0x55bd1bb393a0, 615;
v0x55bd1bb393a0_616 .array/port v0x55bd1bb393a0, 616;
E_0x55bd1badf5b0/154 .event edge, v0x55bd1bb393a0_613, v0x55bd1bb393a0_614, v0x55bd1bb393a0_615, v0x55bd1bb393a0_616;
v0x55bd1bb393a0_617 .array/port v0x55bd1bb393a0, 617;
v0x55bd1bb393a0_618 .array/port v0x55bd1bb393a0, 618;
v0x55bd1bb393a0_619 .array/port v0x55bd1bb393a0, 619;
v0x55bd1bb393a0_620 .array/port v0x55bd1bb393a0, 620;
E_0x55bd1badf5b0/155 .event edge, v0x55bd1bb393a0_617, v0x55bd1bb393a0_618, v0x55bd1bb393a0_619, v0x55bd1bb393a0_620;
v0x55bd1bb393a0_621 .array/port v0x55bd1bb393a0, 621;
v0x55bd1bb393a0_622 .array/port v0x55bd1bb393a0, 622;
v0x55bd1bb393a0_623 .array/port v0x55bd1bb393a0, 623;
v0x55bd1bb393a0_624 .array/port v0x55bd1bb393a0, 624;
E_0x55bd1badf5b0/156 .event edge, v0x55bd1bb393a0_621, v0x55bd1bb393a0_622, v0x55bd1bb393a0_623, v0x55bd1bb393a0_624;
v0x55bd1bb393a0_625 .array/port v0x55bd1bb393a0, 625;
v0x55bd1bb393a0_626 .array/port v0x55bd1bb393a0, 626;
v0x55bd1bb393a0_627 .array/port v0x55bd1bb393a0, 627;
v0x55bd1bb393a0_628 .array/port v0x55bd1bb393a0, 628;
E_0x55bd1badf5b0/157 .event edge, v0x55bd1bb393a0_625, v0x55bd1bb393a0_626, v0x55bd1bb393a0_627, v0x55bd1bb393a0_628;
v0x55bd1bb393a0_629 .array/port v0x55bd1bb393a0, 629;
v0x55bd1bb393a0_630 .array/port v0x55bd1bb393a0, 630;
v0x55bd1bb393a0_631 .array/port v0x55bd1bb393a0, 631;
v0x55bd1bb393a0_632 .array/port v0x55bd1bb393a0, 632;
E_0x55bd1badf5b0/158 .event edge, v0x55bd1bb393a0_629, v0x55bd1bb393a0_630, v0x55bd1bb393a0_631, v0x55bd1bb393a0_632;
v0x55bd1bb393a0_633 .array/port v0x55bd1bb393a0, 633;
v0x55bd1bb393a0_634 .array/port v0x55bd1bb393a0, 634;
v0x55bd1bb393a0_635 .array/port v0x55bd1bb393a0, 635;
v0x55bd1bb393a0_636 .array/port v0x55bd1bb393a0, 636;
E_0x55bd1badf5b0/159 .event edge, v0x55bd1bb393a0_633, v0x55bd1bb393a0_634, v0x55bd1bb393a0_635, v0x55bd1bb393a0_636;
v0x55bd1bb393a0_637 .array/port v0x55bd1bb393a0, 637;
v0x55bd1bb393a0_638 .array/port v0x55bd1bb393a0, 638;
v0x55bd1bb393a0_639 .array/port v0x55bd1bb393a0, 639;
v0x55bd1bb393a0_640 .array/port v0x55bd1bb393a0, 640;
E_0x55bd1badf5b0/160 .event edge, v0x55bd1bb393a0_637, v0x55bd1bb393a0_638, v0x55bd1bb393a0_639, v0x55bd1bb393a0_640;
v0x55bd1bb393a0_641 .array/port v0x55bd1bb393a0, 641;
v0x55bd1bb393a0_642 .array/port v0x55bd1bb393a0, 642;
v0x55bd1bb393a0_643 .array/port v0x55bd1bb393a0, 643;
v0x55bd1bb393a0_644 .array/port v0x55bd1bb393a0, 644;
E_0x55bd1badf5b0/161 .event edge, v0x55bd1bb393a0_641, v0x55bd1bb393a0_642, v0x55bd1bb393a0_643, v0x55bd1bb393a0_644;
v0x55bd1bb393a0_645 .array/port v0x55bd1bb393a0, 645;
v0x55bd1bb393a0_646 .array/port v0x55bd1bb393a0, 646;
v0x55bd1bb393a0_647 .array/port v0x55bd1bb393a0, 647;
v0x55bd1bb393a0_648 .array/port v0x55bd1bb393a0, 648;
E_0x55bd1badf5b0/162 .event edge, v0x55bd1bb393a0_645, v0x55bd1bb393a0_646, v0x55bd1bb393a0_647, v0x55bd1bb393a0_648;
v0x55bd1bb393a0_649 .array/port v0x55bd1bb393a0, 649;
v0x55bd1bb393a0_650 .array/port v0x55bd1bb393a0, 650;
v0x55bd1bb393a0_651 .array/port v0x55bd1bb393a0, 651;
v0x55bd1bb393a0_652 .array/port v0x55bd1bb393a0, 652;
E_0x55bd1badf5b0/163 .event edge, v0x55bd1bb393a0_649, v0x55bd1bb393a0_650, v0x55bd1bb393a0_651, v0x55bd1bb393a0_652;
v0x55bd1bb393a0_653 .array/port v0x55bd1bb393a0, 653;
v0x55bd1bb393a0_654 .array/port v0x55bd1bb393a0, 654;
v0x55bd1bb393a0_655 .array/port v0x55bd1bb393a0, 655;
v0x55bd1bb393a0_656 .array/port v0x55bd1bb393a0, 656;
E_0x55bd1badf5b0/164 .event edge, v0x55bd1bb393a0_653, v0x55bd1bb393a0_654, v0x55bd1bb393a0_655, v0x55bd1bb393a0_656;
v0x55bd1bb393a0_657 .array/port v0x55bd1bb393a0, 657;
v0x55bd1bb393a0_658 .array/port v0x55bd1bb393a0, 658;
v0x55bd1bb393a0_659 .array/port v0x55bd1bb393a0, 659;
v0x55bd1bb393a0_660 .array/port v0x55bd1bb393a0, 660;
E_0x55bd1badf5b0/165 .event edge, v0x55bd1bb393a0_657, v0x55bd1bb393a0_658, v0x55bd1bb393a0_659, v0x55bd1bb393a0_660;
v0x55bd1bb393a0_661 .array/port v0x55bd1bb393a0, 661;
v0x55bd1bb393a0_662 .array/port v0x55bd1bb393a0, 662;
v0x55bd1bb393a0_663 .array/port v0x55bd1bb393a0, 663;
v0x55bd1bb393a0_664 .array/port v0x55bd1bb393a0, 664;
E_0x55bd1badf5b0/166 .event edge, v0x55bd1bb393a0_661, v0x55bd1bb393a0_662, v0x55bd1bb393a0_663, v0x55bd1bb393a0_664;
v0x55bd1bb393a0_665 .array/port v0x55bd1bb393a0, 665;
v0x55bd1bb393a0_666 .array/port v0x55bd1bb393a0, 666;
v0x55bd1bb393a0_667 .array/port v0x55bd1bb393a0, 667;
v0x55bd1bb393a0_668 .array/port v0x55bd1bb393a0, 668;
E_0x55bd1badf5b0/167 .event edge, v0x55bd1bb393a0_665, v0x55bd1bb393a0_666, v0x55bd1bb393a0_667, v0x55bd1bb393a0_668;
v0x55bd1bb393a0_669 .array/port v0x55bd1bb393a0, 669;
v0x55bd1bb393a0_670 .array/port v0x55bd1bb393a0, 670;
v0x55bd1bb393a0_671 .array/port v0x55bd1bb393a0, 671;
v0x55bd1bb393a0_672 .array/port v0x55bd1bb393a0, 672;
E_0x55bd1badf5b0/168 .event edge, v0x55bd1bb393a0_669, v0x55bd1bb393a0_670, v0x55bd1bb393a0_671, v0x55bd1bb393a0_672;
v0x55bd1bb393a0_673 .array/port v0x55bd1bb393a0, 673;
v0x55bd1bb393a0_674 .array/port v0x55bd1bb393a0, 674;
v0x55bd1bb393a0_675 .array/port v0x55bd1bb393a0, 675;
v0x55bd1bb393a0_676 .array/port v0x55bd1bb393a0, 676;
E_0x55bd1badf5b0/169 .event edge, v0x55bd1bb393a0_673, v0x55bd1bb393a0_674, v0x55bd1bb393a0_675, v0x55bd1bb393a0_676;
v0x55bd1bb393a0_677 .array/port v0x55bd1bb393a0, 677;
v0x55bd1bb393a0_678 .array/port v0x55bd1bb393a0, 678;
v0x55bd1bb393a0_679 .array/port v0x55bd1bb393a0, 679;
v0x55bd1bb393a0_680 .array/port v0x55bd1bb393a0, 680;
E_0x55bd1badf5b0/170 .event edge, v0x55bd1bb393a0_677, v0x55bd1bb393a0_678, v0x55bd1bb393a0_679, v0x55bd1bb393a0_680;
v0x55bd1bb393a0_681 .array/port v0x55bd1bb393a0, 681;
v0x55bd1bb393a0_682 .array/port v0x55bd1bb393a0, 682;
v0x55bd1bb393a0_683 .array/port v0x55bd1bb393a0, 683;
v0x55bd1bb393a0_684 .array/port v0x55bd1bb393a0, 684;
E_0x55bd1badf5b0/171 .event edge, v0x55bd1bb393a0_681, v0x55bd1bb393a0_682, v0x55bd1bb393a0_683, v0x55bd1bb393a0_684;
v0x55bd1bb393a0_685 .array/port v0x55bd1bb393a0, 685;
v0x55bd1bb393a0_686 .array/port v0x55bd1bb393a0, 686;
v0x55bd1bb393a0_687 .array/port v0x55bd1bb393a0, 687;
v0x55bd1bb393a0_688 .array/port v0x55bd1bb393a0, 688;
E_0x55bd1badf5b0/172 .event edge, v0x55bd1bb393a0_685, v0x55bd1bb393a0_686, v0x55bd1bb393a0_687, v0x55bd1bb393a0_688;
v0x55bd1bb393a0_689 .array/port v0x55bd1bb393a0, 689;
v0x55bd1bb393a0_690 .array/port v0x55bd1bb393a0, 690;
v0x55bd1bb393a0_691 .array/port v0x55bd1bb393a0, 691;
v0x55bd1bb393a0_692 .array/port v0x55bd1bb393a0, 692;
E_0x55bd1badf5b0/173 .event edge, v0x55bd1bb393a0_689, v0x55bd1bb393a0_690, v0x55bd1bb393a0_691, v0x55bd1bb393a0_692;
v0x55bd1bb393a0_693 .array/port v0x55bd1bb393a0, 693;
v0x55bd1bb393a0_694 .array/port v0x55bd1bb393a0, 694;
v0x55bd1bb393a0_695 .array/port v0x55bd1bb393a0, 695;
v0x55bd1bb393a0_696 .array/port v0x55bd1bb393a0, 696;
E_0x55bd1badf5b0/174 .event edge, v0x55bd1bb393a0_693, v0x55bd1bb393a0_694, v0x55bd1bb393a0_695, v0x55bd1bb393a0_696;
v0x55bd1bb393a0_697 .array/port v0x55bd1bb393a0, 697;
v0x55bd1bb393a0_698 .array/port v0x55bd1bb393a0, 698;
v0x55bd1bb393a0_699 .array/port v0x55bd1bb393a0, 699;
v0x55bd1bb393a0_700 .array/port v0x55bd1bb393a0, 700;
E_0x55bd1badf5b0/175 .event edge, v0x55bd1bb393a0_697, v0x55bd1bb393a0_698, v0x55bd1bb393a0_699, v0x55bd1bb393a0_700;
v0x55bd1bb393a0_701 .array/port v0x55bd1bb393a0, 701;
v0x55bd1bb393a0_702 .array/port v0x55bd1bb393a0, 702;
v0x55bd1bb393a0_703 .array/port v0x55bd1bb393a0, 703;
v0x55bd1bb393a0_704 .array/port v0x55bd1bb393a0, 704;
E_0x55bd1badf5b0/176 .event edge, v0x55bd1bb393a0_701, v0x55bd1bb393a0_702, v0x55bd1bb393a0_703, v0x55bd1bb393a0_704;
v0x55bd1bb393a0_705 .array/port v0x55bd1bb393a0, 705;
v0x55bd1bb393a0_706 .array/port v0x55bd1bb393a0, 706;
v0x55bd1bb393a0_707 .array/port v0x55bd1bb393a0, 707;
v0x55bd1bb393a0_708 .array/port v0x55bd1bb393a0, 708;
E_0x55bd1badf5b0/177 .event edge, v0x55bd1bb393a0_705, v0x55bd1bb393a0_706, v0x55bd1bb393a0_707, v0x55bd1bb393a0_708;
v0x55bd1bb393a0_709 .array/port v0x55bd1bb393a0, 709;
v0x55bd1bb393a0_710 .array/port v0x55bd1bb393a0, 710;
v0x55bd1bb393a0_711 .array/port v0x55bd1bb393a0, 711;
v0x55bd1bb393a0_712 .array/port v0x55bd1bb393a0, 712;
E_0x55bd1badf5b0/178 .event edge, v0x55bd1bb393a0_709, v0x55bd1bb393a0_710, v0x55bd1bb393a0_711, v0x55bd1bb393a0_712;
v0x55bd1bb393a0_713 .array/port v0x55bd1bb393a0, 713;
v0x55bd1bb393a0_714 .array/port v0x55bd1bb393a0, 714;
v0x55bd1bb393a0_715 .array/port v0x55bd1bb393a0, 715;
v0x55bd1bb393a0_716 .array/port v0x55bd1bb393a0, 716;
E_0x55bd1badf5b0/179 .event edge, v0x55bd1bb393a0_713, v0x55bd1bb393a0_714, v0x55bd1bb393a0_715, v0x55bd1bb393a0_716;
v0x55bd1bb393a0_717 .array/port v0x55bd1bb393a0, 717;
v0x55bd1bb393a0_718 .array/port v0x55bd1bb393a0, 718;
v0x55bd1bb393a0_719 .array/port v0x55bd1bb393a0, 719;
v0x55bd1bb393a0_720 .array/port v0x55bd1bb393a0, 720;
E_0x55bd1badf5b0/180 .event edge, v0x55bd1bb393a0_717, v0x55bd1bb393a0_718, v0x55bd1bb393a0_719, v0x55bd1bb393a0_720;
v0x55bd1bb393a0_721 .array/port v0x55bd1bb393a0, 721;
v0x55bd1bb393a0_722 .array/port v0x55bd1bb393a0, 722;
v0x55bd1bb393a0_723 .array/port v0x55bd1bb393a0, 723;
v0x55bd1bb393a0_724 .array/port v0x55bd1bb393a0, 724;
E_0x55bd1badf5b0/181 .event edge, v0x55bd1bb393a0_721, v0x55bd1bb393a0_722, v0x55bd1bb393a0_723, v0x55bd1bb393a0_724;
v0x55bd1bb393a0_725 .array/port v0x55bd1bb393a0, 725;
v0x55bd1bb393a0_726 .array/port v0x55bd1bb393a0, 726;
v0x55bd1bb393a0_727 .array/port v0x55bd1bb393a0, 727;
v0x55bd1bb393a0_728 .array/port v0x55bd1bb393a0, 728;
E_0x55bd1badf5b0/182 .event edge, v0x55bd1bb393a0_725, v0x55bd1bb393a0_726, v0x55bd1bb393a0_727, v0x55bd1bb393a0_728;
v0x55bd1bb393a0_729 .array/port v0x55bd1bb393a0, 729;
v0x55bd1bb393a0_730 .array/port v0x55bd1bb393a0, 730;
v0x55bd1bb393a0_731 .array/port v0x55bd1bb393a0, 731;
v0x55bd1bb393a0_732 .array/port v0x55bd1bb393a0, 732;
E_0x55bd1badf5b0/183 .event edge, v0x55bd1bb393a0_729, v0x55bd1bb393a0_730, v0x55bd1bb393a0_731, v0x55bd1bb393a0_732;
v0x55bd1bb393a0_733 .array/port v0x55bd1bb393a0, 733;
v0x55bd1bb393a0_734 .array/port v0x55bd1bb393a0, 734;
v0x55bd1bb393a0_735 .array/port v0x55bd1bb393a0, 735;
v0x55bd1bb393a0_736 .array/port v0x55bd1bb393a0, 736;
E_0x55bd1badf5b0/184 .event edge, v0x55bd1bb393a0_733, v0x55bd1bb393a0_734, v0x55bd1bb393a0_735, v0x55bd1bb393a0_736;
v0x55bd1bb393a0_737 .array/port v0x55bd1bb393a0, 737;
v0x55bd1bb393a0_738 .array/port v0x55bd1bb393a0, 738;
v0x55bd1bb393a0_739 .array/port v0x55bd1bb393a0, 739;
v0x55bd1bb393a0_740 .array/port v0x55bd1bb393a0, 740;
E_0x55bd1badf5b0/185 .event edge, v0x55bd1bb393a0_737, v0x55bd1bb393a0_738, v0x55bd1bb393a0_739, v0x55bd1bb393a0_740;
v0x55bd1bb393a0_741 .array/port v0x55bd1bb393a0, 741;
v0x55bd1bb393a0_742 .array/port v0x55bd1bb393a0, 742;
v0x55bd1bb393a0_743 .array/port v0x55bd1bb393a0, 743;
v0x55bd1bb393a0_744 .array/port v0x55bd1bb393a0, 744;
E_0x55bd1badf5b0/186 .event edge, v0x55bd1bb393a0_741, v0x55bd1bb393a0_742, v0x55bd1bb393a0_743, v0x55bd1bb393a0_744;
v0x55bd1bb393a0_745 .array/port v0x55bd1bb393a0, 745;
v0x55bd1bb393a0_746 .array/port v0x55bd1bb393a0, 746;
v0x55bd1bb393a0_747 .array/port v0x55bd1bb393a0, 747;
v0x55bd1bb393a0_748 .array/port v0x55bd1bb393a0, 748;
E_0x55bd1badf5b0/187 .event edge, v0x55bd1bb393a0_745, v0x55bd1bb393a0_746, v0x55bd1bb393a0_747, v0x55bd1bb393a0_748;
v0x55bd1bb393a0_749 .array/port v0x55bd1bb393a0, 749;
v0x55bd1bb393a0_750 .array/port v0x55bd1bb393a0, 750;
v0x55bd1bb393a0_751 .array/port v0x55bd1bb393a0, 751;
v0x55bd1bb393a0_752 .array/port v0x55bd1bb393a0, 752;
E_0x55bd1badf5b0/188 .event edge, v0x55bd1bb393a0_749, v0x55bd1bb393a0_750, v0x55bd1bb393a0_751, v0x55bd1bb393a0_752;
v0x55bd1bb393a0_753 .array/port v0x55bd1bb393a0, 753;
v0x55bd1bb393a0_754 .array/port v0x55bd1bb393a0, 754;
v0x55bd1bb393a0_755 .array/port v0x55bd1bb393a0, 755;
v0x55bd1bb393a0_756 .array/port v0x55bd1bb393a0, 756;
E_0x55bd1badf5b0/189 .event edge, v0x55bd1bb393a0_753, v0x55bd1bb393a0_754, v0x55bd1bb393a0_755, v0x55bd1bb393a0_756;
v0x55bd1bb393a0_757 .array/port v0x55bd1bb393a0, 757;
v0x55bd1bb393a0_758 .array/port v0x55bd1bb393a0, 758;
v0x55bd1bb393a0_759 .array/port v0x55bd1bb393a0, 759;
v0x55bd1bb393a0_760 .array/port v0x55bd1bb393a0, 760;
E_0x55bd1badf5b0/190 .event edge, v0x55bd1bb393a0_757, v0x55bd1bb393a0_758, v0x55bd1bb393a0_759, v0x55bd1bb393a0_760;
v0x55bd1bb393a0_761 .array/port v0x55bd1bb393a0, 761;
v0x55bd1bb393a0_762 .array/port v0x55bd1bb393a0, 762;
v0x55bd1bb393a0_763 .array/port v0x55bd1bb393a0, 763;
v0x55bd1bb393a0_764 .array/port v0x55bd1bb393a0, 764;
E_0x55bd1badf5b0/191 .event edge, v0x55bd1bb393a0_761, v0x55bd1bb393a0_762, v0x55bd1bb393a0_763, v0x55bd1bb393a0_764;
v0x55bd1bb393a0_765 .array/port v0x55bd1bb393a0, 765;
v0x55bd1bb393a0_766 .array/port v0x55bd1bb393a0, 766;
v0x55bd1bb393a0_767 .array/port v0x55bd1bb393a0, 767;
v0x55bd1bb393a0_768 .array/port v0x55bd1bb393a0, 768;
E_0x55bd1badf5b0/192 .event edge, v0x55bd1bb393a0_765, v0x55bd1bb393a0_766, v0x55bd1bb393a0_767, v0x55bd1bb393a0_768;
v0x55bd1bb393a0_769 .array/port v0x55bd1bb393a0, 769;
v0x55bd1bb393a0_770 .array/port v0x55bd1bb393a0, 770;
v0x55bd1bb393a0_771 .array/port v0x55bd1bb393a0, 771;
v0x55bd1bb393a0_772 .array/port v0x55bd1bb393a0, 772;
E_0x55bd1badf5b0/193 .event edge, v0x55bd1bb393a0_769, v0x55bd1bb393a0_770, v0x55bd1bb393a0_771, v0x55bd1bb393a0_772;
v0x55bd1bb393a0_773 .array/port v0x55bd1bb393a0, 773;
v0x55bd1bb393a0_774 .array/port v0x55bd1bb393a0, 774;
v0x55bd1bb393a0_775 .array/port v0x55bd1bb393a0, 775;
v0x55bd1bb393a0_776 .array/port v0x55bd1bb393a0, 776;
E_0x55bd1badf5b0/194 .event edge, v0x55bd1bb393a0_773, v0x55bd1bb393a0_774, v0x55bd1bb393a0_775, v0x55bd1bb393a0_776;
v0x55bd1bb393a0_777 .array/port v0x55bd1bb393a0, 777;
v0x55bd1bb393a0_778 .array/port v0x55bd1bb393a0, 778;
v0x55bd1bb393a0_779 .array/port v0x55bd1bb393a0, 779;
v0x55bd1bb393a0_780 .array/port v0x55bd1bb393a0, 780;
E_0x55bd1badf5b0/195 .event edge, v0x55bd1bb393a0_777, v0x55bd1bb393a0_778, v0x55bd1bb393a0_779, v0x55bd1bb393a0_780;
v0x55bd1bb393a0_781 .array/port v0x55bd1bb393a0, 781;
v0x55bd1bb393a0_782 .array/port v0x55bd1bb393a0, 782;
v0x55bd1bb393a0_783 .array/port v0x55bd1bb393a0, 783;
v0x55bd1bb393a0_784 .array/port v0x55bd1bb393a0, 784;
E_0x55bd1badf5b0/196 .event edge, v0x55bd1bb393a0_781, v0x55bd1bb393a0_782, v0x55bd1bb393a0_783, v0x55bd1bb393a0_784;
v0x55bd1bb393a0_785 .array/port v0x55bd1bb393a0, 785;
v0x55bd1bb393a0_786 .array/port v0x55bd1bb393a0, 786;
v0x55bd1bb393a0_787 .array/port v0x55bd1bb393a0, 787;
v0x55bd1bb393a0_788 .array/port v0x55bd1bb393a0, 788;
E_0x55bd1badf5b0/197 .event edge, v0x55bd1bb393a0_785, v0x55bd1bb393a0_786, v0x55bd1bb393a0_787, v0x55bd1bb393a0_788;
v0x55bd1bb393a0_789 .array/port v0x55bd1bb393a0, 789;
v0x55bd1bb393a0_790 .array/port v0x55bd1bb393a0, 790;
v0x55bd1bb393a0_791 .array/port v0x55bd1bb393a0, 791;
v0x55bd1bb393a0_792 .array/port v0x55bd1bb393a0, 792;
E_0x55bd1badf5b0/198 .event edge, v0x55bd1bb393a0_789, v0x55bd1bb393a0_790, v0x55bd1bb393a0_791, v0x55bd1bb393a0_792;
v0x55bd1bb393a0_793 .array/port v0x55bd1bb393a0, 793;
v0x55bd1bb393a0_794 .array/port v0x55bd1bb393a0, 794;
v0x55bd1bb393a0_795 .array/port v0x55bd1bb393a0, 795;
v0x55bd1bb393a0_796 .array/port v0x55bd1bb393a0, 796;
E_0x55bd1badf5b0/199 .event edge, v0x55bd1bb393a0_793, v0x55bd1bb393a0_794, v0x55bd1bb393a0_795, v0x55bd1bb393a0_796;
v0x55bd1bb393a0_797 .array/port v0x55bd1bb393a0, 797;
v0x55bd1bb393a0_798 .array/port v0x55bd1bb393a0, 798;
v0x55bd1bb393a0_799 .array/port v0x55bd1bb393a0, 799;
v0x55bd1bb393a0_800 .array/port v0x55bd1bb393a0, 800;
E_0x55bd1badf5b0/200 .event edge, v0x55bd1bb393a0_797, v0x55bd1bb393a0_798, v0x55bd1bb393a0_799, v0x55bd1bb393a0_800;
v0x55bd1bb393a0_801 .array/port v0x55bd1bb393a0, 801;
v0x55bd1bb393a0_802 .array/port v0x55bd1bb393a0, 802;
v0x55bd1bb393a0_803 .array/port v0x55bd1bb393a0, 803;
v0x55bd1bb393a0_804 .array/port v0x55bd1bb393a0, 804;
E_0x55bd1badf5b0/201 .event edge, v0x55bd1bb393a0_801, v0x55bd1bb393a0_802, v0x55bd1bb393a0_803, v0x55bd1bb393a0_804;
v0x55bd1bb393a0_805 .array/port v0x55bd1bb393a0, 805;
v0x55bd1bb393a0_806 .array/port v0x55bd1bb393a0, 806;
v0x55bd1bb393a0_807 .array/port v0x55bd1bb393a0, 807;
v0x55bd1bb393a0_808 .array/port v0x55bd1bb393a0, 808;
E_0x55bd1badf5b0/202 .event edge, v0x55bd1bb393a0_805, v0x55bd1bb393a0_806, v0x55bd1bb393a0_807, v0x55bd1bb393a0_808;
v0x55bd1bb393a0_809 .array/port v0x55bd1bb393a0, 809;
v0x55bd1bb393a0_810 .array/port v0x55bd1bb393a0, 810;
v0x55bd1bb393a0_811 .array/port v0x55bd1bb393a0, 811;
v0x55bd1bb393a0_812 .array/port v0x55bd1bb393a0, 812;
E_0x55bd1badf5b0/203 .event edge, v0x55bd1bb393a0_809, v0x55bd1bb393a0_810, v0x55bd1bb393a0_811, v0x55bd1bb393a0_812;
v0x55bd1bb393a0_813 .array/port v0x55bd1bb393a0, 813;
v0x55bd1bb393a0_814 .array/port v0x55bd1bb393a0, 814;
v0x55bd1bb393a0_815 .array/port v0x55bd1bb393a0, 815;
v0x55bd1bb393a0_816 .array/port v0x55bd1bb393a0, 816;
E_0x55bd1badf5b0/204 .event edge, v0x55bd1bb393a0_813, v0x55bd1bb393a0_814, v0x55bd1bb393a0_815, v0x55bd1bb393a0_816;
v0x55bd1bb393a0_817 .array/port v0x55bd1bb393a0, 817;
v0x55bd1bb393a0_818 .array/port v0x55bd1bb393a0, 818;
v0x55bd1bb393a0_819 .array/port v0x55bd1bb393a0, 819;
v0x55bd1bb393a0_820 .array/port v0x55bd1bb393a0, 820;
E_0x55bd1badf5b0/205 .event edge, v0x55bd1bb393a0_817, v0x55bd1bb393a0_818, v0x55bd1bb393a0_819, v0x55bd1bb393a0_820;
v0x55bd1bb393a0_821 .array/port v0x55bd1bb393a0, 821;
v0x55bd1bb393a0_822 .array/port v0x55bd1bb393a0, 822;
v0x55bd1bb393a0_823 .array/port v0x55bd1bb393a0, 823;
v0x55bd1bb393a0_824 .array/port v0x55bd1bb393a0, 824;
E_0x55bd1badf5b0/206 .event edge, v0x55bd1bb393a0_821, v0x55bd1bb393a0_822, v0x55bd1bb393a0_823, v0x55bd1bb393a0_824;
v0x55bd1bb393a0_825 .array/port v0x55bd1bb393a0, 825;
v0x55bd1bb393a0_826 .array/port v0x55bd1bb393a0, 826;
v0x55bd1bb393a0_827 .array/port v0x55bd1bb393a0, 827;
v0x55bd1bb393a0_828 .array/port v0x55bd1bb393a0, 828;
E_0x55bd1badf5b0/207 .event edge, v0x55bd1bb393a0_825, v0x55bd1bb393a0_826, v0x55bd1bb393a0_827, v0x55bd1bb393a0_828;
v0x55bd1bb393a0_829 .array/port v0x55bd1bb393a0, 829;
v0x55bd1bb393a0_830 .array/port v0x55bd1bb393a0, 830;
v0x55bd1bb393a0_831 .array/port v0x55bd1bb393a0, 831;
v0x55bd1bb393a0_832 .array/port v0x55bd1bb393a0, 832;
E_0x55bd1badf5b0/208 .event edge, v0x55bd1bb393a0_829, v0x55bd1bb393a0_830, v0x55bd1bb393a0_831, v0x55bd1bb393a0_832;
v0x55bd1bb393a0_833 .array/port v0x55bd1bb393a0, 833;
v0x55bd1bb393a0_834 .array/port v0x55bd1bb393a0, 834;
v0x55bd1bb393a0_835 .array/port v0x55bd1bb393a0, 835;
v0x55bd1bb393a0_836 .array/port v0x55bd1bb393a0, 836;
E_0x55bd1badf5b0/209 .event edge, v0x55bd1bb393a0_833, v0x55bd1bb393a0_834, v0x55bd1bb393a0_835, v0x55bd1bb393a0_836;
v0x55bd1bb393a0_837 .array/port v0x55bd1bb393a0, 837;
v0x55bd1bb393a0_838 .array/port v0x55bd1bb393a0, 838;
v0x55bd1bb393a0_839 .array/port v0x55bd1bb393a0, 839;
v0x55bd1bb393a0_840 .array/port v0x55bd1bb393a0, 840;
E_0x55bd1badf5b0/210 .event edge, v0x55bd1bb393a0_837, v0x55bd1bb393a0_838, v0x55bd1bb393a0_839, v0x55bd1bb393a0_840;
v0x55bd1bb393a0_841 .array/port v0x55bd1bb393a0, 841;
v0x55bd1bb393a0_842 .array/port v0x55bd1bb393a0, 842;
v0x55bd1bb393a0_843 .array/port v0x55bd1bb393a0, 843;
v0x55bd1bb393a0_844 .array/port v0x55bd1bb393a0, 844;
E_0x55bd1badf5b0/211 .event edge, v0x55bd1bb393a0_841, v0x55bd1bb393a0_842, v0x55bd1bb393a0_843, v0x55bd1bb393a0_844;
v0x55bd1bb393a0_845 .array/port v0x55bd1bb393a0, 845;
v0x55bd1bb393a0_846 .array/port v0x55bd1bb393a0, 846;
v0x55bd1bb393a0_847 .array/port v0x55bd1bb393a0, 847;
v0x55bd1bb393a0_848 .array/port v0x55bd1bb393a0, 848;
E_0x55bd1badf5b0/212 .event edge, v0x55bd1bb393a0_845, v0x55bd1bb393a0_846, v0x55bd1bb393a0_847, v0x55bd1bb393a0_848;
v0x55bd1bb393a0_849 .array/port v0x55bd1bb393a0, 849;
v0x55bd1bb393a0_850 .array/port v0x55bd1bb393a0, 850;
v0x55bd1bb393a0_851 .array/port v0x55bd1bb393a0, 851;
v0x55bd1bb393a0_852 .array/port v0x55bd1bb393a0, 852;
E_0x55bd1badf5b0/213 .event edge, v0x55bd1bb393a0_849, v0x55bd1bb393a0_850, v0x55bd1bb393a0_851, v0x55bd1bb393a0_852;
v0x55bd1bb393a0_853 .array/port v0x55bd1bb393a0, 853;
v0x55bd1bb393a0_854 .array/port v0x55bd1bb393a0, 854;
v0x55bd1bb393a0_855 .array/port v0x55bd1bb393a0, 855;
v0x55bd1bb393a0_856 .array/port v0x55bd1bb393a0, 856;
E_0x55bd1badf5b0/214 .event edge, v0x55bd1bb393a0_853, v0x55bd1bb393a0_854, v0x55bd1bb393a0_855, v0x55bd1bb393a0_856;
v0x55bd1bb393a0_857 .array/port v0x55bd1bb393a0, 857;
v0x55bd1bb393a0_858 .array/port v0x55bd1bb393a0, 858;
v0x55bd1bb393a0_859 .array/port v0x55bd1bb393a0, 859;
v0x55bd1bb393a0_860 .array/port v0x55bd1bb393a0, 860;
E_0x55bd1badf5b0/215 .event edge, v0x55bd1bb393a0_857, v0x55bd1bb393a0_858, v0x55bd1bb393a0_859, v0x55bd1bb393a0_860;
v0x55bd1bb393a0_861 .array/port v0x55bd1bb393a0, 861;
v0x55bd1bb393a0_862 .array/port v0x55bd1bb393a0, 862;
v0x55bd1bb393a0_863 .array/port v0x55bd1bb393a0, 863;
v0x55bd1bb393a0_864 .array/port v0x55bd1bb393a0, 864;
E_0x55bd1badf5b0/216 .event edge, v0x55bd1bb393a0_861, v0x55bd1bb393a0_862, v0x55bd1bb393a0_863, v0x55bd1bb393a0_864;
v0x55bd1bb393a0_865 .array/port v0x55bd1bb393a0, 865;
v0x55bd1bb393a0_866 .array/port v0x55bd1bb393a0, 866;
v0x55bd1bb393a0_867 .array/port v0x55bd1bb393a0, 867;
v0x55bd1bb393a0_868 .array/port v0x55bd1bb393a0, 868;
E_0x55bd1badf5b0/217 .event edge, v0x55bd1bb393a0_865, v0x55bd1bb393a0_866, v0x55bd1bb393a0_867, v0x55bd1bb393a0_868;
v0x55bd1bb393a0_869 .array/port v0x55bd1bb393a0, 869;
v0x55bd1bb393a0_870 .array/port v0x55bd1bb393a0, 870;
v0x55bd1bb393a0_871 .array/port v0x55bd1bb393a0, 871;
v0x55bd1bb393a0_872 .array/port v0x55bd1bb393a0, 872;
E_0x55bd1badf5b0/218 .event edge, v0x55bd1bb393a0_869, v0x55bd1bb393a0_870, v0x55bd1bb393a0_871, v0x55bd1bb393a0_872;
v0x55bd1bb393a0_873 .array/port v0x55bd1bb393a0, 873;
v0x55bd1bb393a0_874 .array/port v0x55bd1bb393a0, 874;
v0x55bd1bb393a0_875 .array/port v0x55bd1bb393a0, 875;
v0x55bd1bb393a0_876 .array/port v0x55bd1bb393a0, 876;
E_0x55bd1badf5b0/219 .event edge, v0x55bd1bb393a0_873, v0x55bd1bb393a0_874, v0x55bd1bb393a0_875, v0x55bd1bb393a0_876;
v0x55bd1bb393a0_877 .array/port v0x55bd1bb393a0, 877;
v0x55bd1bb393a0_878 .array/port v0x55bd1bb393a0, 878;
v0x55bd1bb393a0_879 .array/port v0x55bd1bb393a0, 879;
v0x55bd1bb393a0_880 .array/port v0x55bd1bb393a0, 880;
E_0x55bd1badf5b0/220 .event edge, v0x55bd1bb393a0_877, v0x55bd1bb393a0_878, v0x55bd1bb393a0_879, v0x55bd1bb393a0_880;
v0x55bd1bb393a0_881 .array/port v0x55bd1bb393a0, 881;
v0x55bd1bb393a0_882 .array/port v0x55bd1bb393a0, 882;
v0x55bd1bb393a0_883 .array/port v0x55bd1bb393a0, 883;
v0x55bd1bb393a0_884 .array/port v0x55bd1bb393a0, 884;
E_0x55bd1badf5b0/221 .event edge, v0x55bd1bb393a0_881, v0x55bd1bb393a0_882, v0x55bd1bb393a0_883, v0x55bd1bb393a0_884;
v0x55bd1bb393a0_885 .array/port v0x55bd1bb393a0, 885;
v0x55bd1bb393a0_886 .array/port v0x55bd1bb393a0, 886;
v0x55bd1bb393a0_887 .array/port v0x55bd1bb393a0, 887;
v0x55bd1bb393a0_888 .array/port v0x55bd1bb393a0, 888;
E_0x55bd1badf5b0/222 .event edge, v0x55bd1bb393a0_885, v0x55bd1bb393a0_886, v0x55bd1bb393a0_887, v0x55bd1bb393a0_888;
v0x55bd1bb393a0_889 .array/port v0x55bd1bb393a0, 889;
v0x55bd1bb393a0_890 .array/port v0x55bd1bb393a0, 890;
v0x55bd1bb393a0_891 .array/port v0x55bd1bb393a0, 891;
v0x55bd1bb393a0_892 .array/port v0x55bd1bb393a0, 892;
E_0x55bd1badf5b0/223 .event edge, v0x55bd1bb393a0_889, v0x55bd1bb393a0_890, v0x55bd1bb393a0_891, v0x55bd1bb393a0_892;
v0x55bd1bb393a0_893 .array/port v0x55bd1bb393a0, 893;
v0x55bd1bb393a0_894 .array/port v0x55bd1bb393a0, 894;
v0x55bd1bb393a0_895 .array/port v0x55bd1bb393a0, 895;
v0x55bd1bb393a0_896 .array/port v0x55bd1bb393a0, 896;
E_0x55bd1badf5b0/224 .event edge, v0x55bd1bb393a0_893, v0x55bd1bb393a0_894, v0x55bd1bb393a0_895, v0x55bd1bb393a0_896;
v0x55bd1bb393a0_897 .array/port v0x55bd1bb393a0, 897;
v0x55bd1bb393a0_898 .array/port v0x55bd1bb393a0, 898;
v0x55bd1bb393a0_899 .array/port v0x55bd1bb393a0, 899;
v0x55bd1bb393a0_900 .array/port v0x55bd1bb393a0, 900;
E_0x55bd1badf5b0/225 .event edge, v0x55bd1bb393a0_897, v0x55bd1bb393a0_898, v0x55bd1bb393a0_899, v0x55bd1bb393a0_900;
v0x55bd1bb393a0_901 .array/port v0x55bd1bb393a0, 901;
v0x55bd1bb393a0_902 .array/port v0x55bd1bb393a0, 902;
v0x55bd1bb393a0_903 .array/port v0x55bd1bb393a0, 903;
v0x55bd1bb393a0_904 .array/port v0x55bd1bb393a0, 904;
E_0x55bd1badf5b0/226 .event edge, v0x55bd1bb393a0_901, v0x55bd1bb393a0_902, v0x55bd1bb393a0_903, v0x55bd1bb393a0_904;
v0x55bd1bb393a0_905 .array/port v0x55bd1bb393a0, 905;
v0x55bd1bb393a0_906 .array/port v0x55bd1bb393a0, 906;
v0x55bd1bb393a0_907 .array/port v0x55bd1bb393a0, 907;
v0x55bd1bb393a0_908 .array/port v0x55bd1bb393a0, 908;
E_0x55bd1badf5b0/227 .event edge, v0x55bd1bb393a0_905, v0x55bd1bb393a0_906, v0x55bd1bb393a0_907, v0x55bd1bb393a0_908;
v0x55bd1bb393a0_909 .array/port v0x55bd1bb393a0, 909;
v0x55bd1bb393a0_910 .array/port v0x55bd1bb393a0, 910;
v0x55bd1bb393a0_911 .array/port v0x55bd1bb393a0, 911;
v0x55bd1bb393a0_912 .array/port v0x55bd1bb393a0, 912;
E_0x55bd1badf5b0/228 .event edge, v0x55bd1bb393a0_909, v0x55bd1bb393a0_910, v0x55bd1bb393a0_911, v0x55bd1bb393a0_912;
v0x55bd1bb393a0_913 .array/port v0x55bd1bb393a0, 913;
v0x55bd1bb393a0_914 .array/port v0x55bd1bb393a0, 914;
v0x55bd1bb393a0_915 .array/port v0x55bd1bb393a0, 915;
v0x55bd1bb393a0_916 .array/port v0x55bd1bb393a0, 916;
E_0x55bd1badf5b0/229 .event edge, v0x55bd1bb393a0_913, v0x55bd1bb393a0_914, v0x55bd1bb393a0_915, v0x55bd1bb393a0_916;
v0x55bd1bb393a0_917 .array/port v0x55bd1bb393a0, 917;
v0x55bd1bb393a0_918 .array/port v0x55bd1bb393a0, 918;
v0x55bd1bb393a0_919 .array/port v0x55bd1bb393a0, 919;
v0x55bd1bb393a0_920 .array/port v0x55bd1bb393a0, 920;
E_0x55bd1badf5b0/230 .event edge, v0x55bd1bb393a0_917, v0x55bd1bb393a0_918, v0x55bd1bb393a0_919, v0x55bd1bb393a0_920;
v0x55bd1bb393a0_921 .array/port v0x55bd1bb393a0, 921;
v0x55bd1bb393a0_922 .array/port v0x55bd1bb393a0, 922;
v0x55bd1bb393a0_923 .array/port v0x55bd1bb393a0, 923;
v0x55bd1bb393a0_924 .array/port v0x55bd1bb393a0, 924;
E_0x55bd1badf5b0/231 .event edge, v0x55bd1bb393a0_921, v0x55bd1bb393a0_922, v0x55bd1bb393a0_923, v0x55bd1bb393a0_924;
v0x55bd1bb393a0_925 .array/port v0x55bd1bb393a0, 925;
v0x55bd1bb393a0_926 .array/port v0x55bd1bb393a0, 926;
v0x55bd1bb393a0_927 .array/port v0x55bd1bb393a0, 927;
v0x55bd1bb393a0_928 .array/port v0x55bd1bb393a0, 928;
E_0x55bd1badf5b0/232 .event edge, v0x55bd1bb393a0_925, v0x55bd1bb393a0_926, v0x55bd1bb393a0_927, v0x55bd1bb393a0_928;
v0x55bd1bb393a0_929 .array/port v0x55bd1bb393a0, 929;
v0x55bd1bb393a0_930 .array/port v0x55bd1bb393a0, 930;
v0x55bd1bb393a0_931 .array/port v0x55bd1bb393a0, 931;
v0x55bd1bb393a0_932 .array/port v0x55bd1bb393a0, 932;
E_0x55bd1badf5b0/233 .event edge, v0x55bd1bb393a0_929, v0x55bd1bb393a0_930, v0x55bd1bb393a0_931, v0x55bd1bb393a0_932;
v0x55bd1bb393a0_933 .array/port v0x55bd1bb393a0, 933;
v0x55bd1bb393a0_934 .array/port v0x55bd1bb393a0, 934;
v0x55bd1bb393a0_935 .array/port v0x55bd1bb393a0, 935;
v0x55bd1bb393a0_936 .array/port v0x55bd1bb393a0, 936;
E_0x55bd1badf5b0/234 .event edge, v0x55bd1bb393a0_933, v0x55bd1bb393a0_934, v0x55bd1bb393a0_935, v0x55bd1bb393a0_936;
v0x55bd1bb393a0_937 .array/port v0x55bd1bb393a0, 937;
v0x55bd1bb393a0_938 .array/port v0x55bd1bb393a0, 938;
v0x55bd1bb393a0_939 .array/port v0x55bd1bb393a0, 939;
v0x55bd1bb393a0_940 .array/port v0x55bd1bb393a0, 940;
E_0x55bd1badf5b0/235 .event edge, v0x55bd1bb393a0_937, v0x55bd1bb393a0_938, v0x55bd1bb393a0_939, v0x55bd1bb393a0_940;
v0x55bd1bb393a0_941 .array/port v0x55bd1bb393a0, 941;
v0x55bd1bb393a0_942 .array/port v0x55bd1bb393a0, 942;
v0x55bd1bb393a0_943 .array/port v0x55bd1bb393a0, 943;
v0x55bd1bb393a0_944 .array/port v0x55bd1bb393a0, 944;
E_0x55bd1badf5b0/236 .event edge, v0x55bd1bb393a0_941, v0x55bd1bb393a0_942, v0x55bd1bb393a0_943, v0x55bd1bb393a0_944;
v0x55bd1bb393a0_945 .array/port v0x55bd1bb393a0, 945;
v0x55bd1bb393a0_946 .array/port v0x55bd1bb393a0, 946;
v0x55bd1bb393a0_947 .array/port v0x55bd1bb393a0, 947;
v0x55bd1bb393a0_948 .array/port v0x55bd1bb393a0, 948;
E_0x55bd1badf5b0/237 .event edge, v0x55bd1bb393a0_945, v0x55bd1bb393a0_946, v0x55bd1bb393a0_947, v0x55bd1bb393a0_948;
v0x55bd1bb393a0_949 .array/port v0x55bd1bb393a0, 949;
v0x55bd1bb393a0_950 .array/port v0x55bd1bb393a0, 950;
v0x55bd1bb393a0_951 .array/port v0x55bd1bb393a0, 951;
v0x55bd1bb393a0_952 .array/port v0x55bd1bb393a0, 952;
E_0x55bd1badf5b0/238 .event edge, v0x55bd1bb393a0_949, v0x55bd1bb393a0_950, v0x55bd1bb393a0_951, v0x55bd1bb393a0_952;
v0x55bd1bb393a0_953 .array/port v0x55bd1bb393a0, 953;
v0x55bd1bb393a0_954 .array/port v0x55bd1bb393a0, 954;
v0x55bd1bb393a0_955 .array/port v0x55bd1bb393a0, 955;
v0x55bd1bb393a0_956 .array/port v0x55bd1bb393a0, 956;
E_0x55bd1badf5b0/239 .event edge, v0x55bd1bb393a0_953, v0x55bd1bb393a0_954, v0x55bd1bb393a0_955, v0x55bd1bb393a0_956;
v0x55bd1bb393a0_957 .array/port v0x55bd1bb393a0, 957;
v0x55bd1bb393a0_958 .array/port v0x55bd1bb393a0, 958;
v0x55bd1bb393a0_959 .array/port v0x55bd1bb393a0, 959;
v0x55bd1bb393a0_960 .array/port v0x55bd1bb393a0, 960;
E_0x55bd1badf5b0/240 .event edge, v0x55bd1bb393a0_957, v0x55bd1bb393a0_958, v0x55bd1bb393a0_959, v0x55bd1bb393a0_960;
v0x55bd1bb393a0_961 .array/port v0x55bd1bb393a0, 961;
v0x55bd1bb393a0_962 .array/port v0x55bd1bb393a0, 962;
v0x55bd1bb393a0_963 .array/port v0x55bd1bb393a0, 963;
v0x55bd1bb393a0_964 .array/port v0x55bd1bb393a0, 964;
E_0x55bd1badf5b0/241 .event edge, v0x55bd1bb393a0_961, v0x55bd1bb393a0_962, v0x55bd1bb393a0_963, v0x55bd1bb393a0_964;
v0x55bd1bb393a0_965 .array/port v0x55bd1bb393a0, 965;
v0x55bd1bb393a0_966 .array/port v0x55bd1bb393a0, 966;
v0x55bd1bb393a0_967 .array/port v0x55bd1bb393a0, 967;
v0x55bd1bb393a0_968 .array/port v0x55bd1bb393a0, 968;
E_0x55bd1badf5b0/242 .event edge, v0x55bd1bb393a0_965, v0x55bd1bb393a0_966, v0x55bd1bb393a0_967, v0x55bd1bb393a0_968;
v0x55bd1bb393a0_969 .array/port v0x55bd1bb393a0, 969;
v0x55bd1bb393a0_970 .array/port v0x55bd1bb393a0, 970;
v0x55bd1bb393a0_971 .array/port v0x55bd1bb393a0, 971;
v0x55bd1bb393a0_972 .array/port v0x55bd1bb393a0, 972;
E_0x55bd1badf5b0/243 .event edge, v0x55bd1bb393a0_969, v0x55bd1bb393a0_970, v0x55bd1bb393a0_971, v0x55bd1bb393a0_972;
v0x55bd1bb393a0_973 .array/port v0x55bd1bb393a0, 973;
v0x55bd1bb393a0_974 .array/port v0x55bd1bb393a0, 974;
v0x55bd1bb393a0_975 .array/port v0x55bd1bb393a0, 975;
v0x55bd1bb393a0_976 .array/port v0x55bd1bb393a0, 976;
E_0x55bd1badf5b0/244 .event edge, v0x55bd1bb393a0_973, v0x55bd1bb393a0_974, v0x55bd1bb393a0_975, v0x55bd1bb393a0_976;
v0x55bd1bb393a0_977 .array/port v0x55bd1bb393a0, 977;
v0x55bd1bb393a0_978 .array/port v0x55bd1bb393a0, 978;
v0x55bd1bb393a0_979 .array/port v0x55bd1bb393a0, 979;
v0x55bd1bb393a0_980 .array/port v0x55bd1bb393a0, 980;
E_0x55bd1badf5b0/245 .event edge, v0x55bd1bb393a0_977, v0x55bd1bb393a0_978, v0x55bd1bb393a0_979, v0x55bd1bb393a0_980;
v0x55bd1bb393a0_981 .array/port v0x55bd1bb393a0, 981;
v0x55bd1bb393a0_982 .array/port v0x55bd1bb393a0, 982;
v0x55bd1bb393a0_983 .array/port v0x55bd1bb393a0, 983;
v0x55bd1bb393a0_984 .array/port v0x55bd1bb393a0, 984;
E_0x55bd1badf5b0/246 .event edge, v0x55bd1bb393a0_981, v0x55bd1bb393a0_982, v0x55bd1bb393a0_983, v0x55bd1bb393a0_984;
v0x55bd1bb393a0_985 .array/port v0x55bd1bb393a0, 985;
v0x55bd1bb393a0_986 .array/port v0x55bd1bb393a0, 986;
v0x55bd1bb393a0_987 .array/port v0x55bd1bb393a0, 987;
v0x55bd1bb393a0_988 .array/port v0x55bd1bb393a0, 988;
E_0x55bd1badf5b0/247 .event edge, v0x55bd1bb393a0_985, v0x55bd1bb393a0_986, v0x55bd1bb393a0_987, v0x55bd1bb393a0_988;
v0x55bd1bb393a0_989 .array/port v0x55bd1bb393a0, 989;
v0x55bd1bb393a0_990 .array/port v0x55bd1bb393a0, 990;
v0x55bd1bb393a0_991 .array/port v0x55bd1bb393a0, 991;
v0x55bd1bb393a0_992 .array/port v0x55bd1bb393a0, 992;
E_0x55bd1badf5b0/248 .event edge, v0x55bd1bb393a0_989, v0x55bd1bb393a0_990, v0x55bd1bb393a0_991, v0x55bd1bb393a0_992;
v0x55bd1bb393a0_993 .array/port v0x55bd1bb393a0, 993;
v0x55bd1bb393a0_994 .array/port v0x55bd1bb393a0, 994;
v0x55bd1bb393a0_995 .array/port v0x55bd1bb393a0, 995;
v0x55bd1bb393a0_996 .array/port v0x55bd1bb393a0, 996;
E_0x55bd1badf5b0/249 .event edge, v0x55bd1bb393a0_993, v0x55bd1bb393a0_994, v0x55bd1bb393a0_995, v0x55bd1bb393a0_996;
v0x55bd1bb393a0_997 .array/port v0x55bd1bb393a0, 997;
v0x55bd1bb393a0_998 .array/port v0x55bd1bb393a0, 998;
v0x55bd1bb393a0_999 .array/port v0x55bd1bb393a0, 999;
v0x55bd1bb393a0_1000 .array/port v0x55bd1bb393a0, 1000;
E_0x55bd1badf5b0/250 .event edge, v0x55bd1bb393a0_997, v0x55bd1bb393a0_998, v0x55bd1bb393a0_999, v0x55bd1bb393a0_1000;
v0x55bd1bb393a0_1001 .array/port v0x55bd1bb393a0, 1001;
v0x55bd1bb393a0_1002 .array/port v0x55bd1bb393a0, 1002;
v0x55bd1bb393a0_1003 .array/port v0x55bd1bb393a0, 1003;
v0x55bd1bb393a0_1004 .array/port v0x55bd1bb393a0, 1004;
E_0x55bd1badf5b0/251 .event edge, v0x55bd1bb393a0_1001, v0x55bd1bb393a0_1002, v0x55bd1bb393a0_1003, v0x55bd1bb393a0_1004;
v0x55bd1bb393a0_1005 .array/port v0x55bd1bb393a0, 1005;
v0x55bd1bb393a0_1006 .array/port v0x55bd1bb393a0, 1006;
v0x55bd1bb393a0_1007 .array/port v0x55bd1bb393a0, 1007;
v0x55bd1bb393a0_1008 .array/port v0x55bd1bb393a0, 1008;
E_0x55bd1badf5b0/252 .event edge, v0x55bd1bb393a0_1005, v0x55bd1bb393a0_1006, v0x55bd1bb393a0_1007, v0x55bd1bb393a0_1008;
v0x55bd1bb393a0_1009 .array/port v0x55bd1bb393a0, 1009;
v0x55bd1bb393a0_1010 .array/port v0x55bd1bb393a0, 1010;
v0x55bd1bb393a0_1011 .array/port v0x55bd1bb393a0, 1011;
v0x55bd1bb393a0_1012 .array/port v0x55bd1bb393a0, 1012;
E_0x55bd1badf5b0/253 .event edge, v0x55bd1bb393a0_1009, v0x55bd1bb393a0_1010, v0x55bd1bb393a0_1011, v0x55bd1bb393a0_1012;
v0x55bd1bb393a0_1013 .array/port v0x55bd1bb393a0, 1013;
v0x55bd1bb393a0_1014 .array/port v0x55bd1bb393a0, 1014;
v0x55bd1bb393a0_1015 .array/port v0x55bd1bb393a0, 1015;
v0x55bd1bb393a0_1016 .array/port v0x55bd1bb393a0, 1016;
E_0x55bd1badf5b0/254 .event edge, v0x55bd1bb393a0_1013, v0x55bd1bb393a0_1014, v0x55bd1bb393a0_1015, v0x55bd1bb393a0_1016;
v0x55bd1bb393a0_1017 .array/port v0x55bd1bb393a0, 1017;
v0x55bd1bb393a0_1018 .array/port v0x55bd1bb393a0, 1018;
v0x55bd1bb393a0_1019 .array/port v0x55bd1bb393a0, 1019;
v0x55bd1bb393a0_1020 .array/port v0x55bd1bb393a0, 1020;
E_0x55bd1badf5b0/255 .event edge, v0x55bd1bb393a0_1017, v0x55bd1bb393a0_1018, v0x55bd1bb393a0_1019, v0x55bd1bb393a0_1020;
v0x55bd1bb393a0_1021 .array/port v0x55bd1bb393a0, 1021;
v0x55bd1bb393a0_1022 .array/port v0x55bd1bb393a0, 1022;
v0x55bd1bb393a0_1023 .array/port v0x55bd1bb393a0, 1023;
E_0x55bd1badf5b0/256 .event edge, v0x55bd1bb393a0_1021, v0x55bd1bb393a0_1022, v0x55bd1bb393a0_1023;
E_0x55bd1badf5b0 .event/or E_0x55bd1badf5b0/0, E_0x55bd1badf5b0/1, E_0x55bd1badf5b0/2, E_0x55bd1badf5b0/3, E_0x55bd1badf5b0/4, E_0x55bd1badf5b0/5, E_0x55bd1badf5b0/6, E_0x55bd1badf5b0/7, E_0x55bd1badf5b0/8, E_0x55bd1badf5b0/9, E_0x55bd1badf5b0/10, E_0x55bd1badf5b0/11, E_0x55bd1badf5b0/12, E_0x55bd1badf5b0/13, E_0x55bd1badf5b0/14, E_0x55bd1badf5b0/15, E_0x55bd1badf5b0/16, E_0x55bd1badf5b0/17, E_0x55bd1badf5b0/18, E_0x55bd1badf5b0/19, E_0x55bd1badf5b0/20, E_0x55bd1badf5b0/21, E_0x55bd1badf5b0/22, E_0x55bd1badf5b0/23, E_0x55bd1badf5b0/24, E_0x55bd1badf5b0/25, E_0x55bd1badf5b0/26, E_0x55bd1badf5b0/27, E_0x55bd1badf5b0/28, E_0x55bd1badf5b0/29, E_0x55bd1badf5b0/30, E_0x55bd1badf5b0/31, E_0x55bd1badf5b0/32, E_0x55bd1badf5b0/33, E_0x55bd1badf5b0/34, E_0x55bd1badf5b0/35, E_0x55bd1badf5b0/36, E_0x55bd1badf5b0/37, E_0x55bd1badf5b0/38, E_0x55bd1badf5b0/39, E_0x55bd1badf5b0/40, E_0x55bd1badf5b0/41, E_0x55bd1badf5b0/42, E_0x55bd1badf5b0/43, E_0x55bd1badf5b0/44, E_0x55bd1badf5b0/45, E_0x55bd1badf5b0/46, E_0x55bd1badf5b0/47, E_0x55bd1badf5b0/48, E_0x55bd1badf5b0/49, E_0x55bd1badf5b0/50, E_0x55bd1badf5b0/51, E_0x55bd1badf5b0/52, E_0x55bd1badf5b0/53, E_0x55bd1badf5b0/54, E_0x55bd1badf5b0/55, E_0x55bd1badf5b0/56, E_0x55bd1badf5b0/57, E_0x55bd1badf5b0/58, E_0x55bd1badf5b0/59, E_0x55bd1badf5b0/60, E_0x55bd1badf5b0/61, E_0x55bd1badf5b0/62, E_0x55bd1badf5b0/63, E_0x55bd1badf5b0/64, E_0x55bd1badf5b0/65, E_0x55bd1badf5b0/66, E_0x55bd1badf5b0/67, E_0x55bd1badf5b0/68, E_0x55bd1badf5b0/69, E_0x55bd1badf5b0/70, E_0x55bd1badf5b0/71, E_0x55bd1badf5b0/72, E_0x55bd1badf5b0/73, E_0x55bd1badf5b0/74, E_0x55bd1badf5b0/75, E_0x55bd1badf5b0/76, E_0x55bd1badf5b0/77, E_0x55bd1badf5b0/78, E_0x55bd1badf5b0/79, E_0x55bd1badf5b0/80, E_0x55bd1badf5b0/81, E_0x55bd1badf5b0/82, E_0x55bd1badf5b0/83, E_0x55bd1badf5b0/84, E_0x55bd1badf5b0/85, E_0x55bd1badf5b0/86, E_0x55bd1badf5b0/87, E_0x55bd1badf5b0/88, E_0x55bd1badf5b0/89, E_0x55bd1badf5b0/90, E_0x55bd1badf5b0/91, E_0x55bd1badf5b0/92, E_0x55bd1badf5b0/93, E_0x55bd1badf5b0/94, E_0x55bd1badf5b0/95, E_0x55bd1badf5b0/96, E_0x55bd1badf5b0/97, E_0x55bd1badf5b0/98, E_0x55bd1badf5b0/99, E_0x55bd1badf5b0/100, E_0x55bd1badf5b0/101, E_0x55bd1badf5b0/102, E_0x55bd1badf5b0/103, E_0x55bd1badf5b0/104, E_0x55bd1badf5b0/105, E_0x55bd1badf5b0/106, E_0x55bd1badf5b0/107, E_0x55bd1badf5b0/108, E_0x55bd1badf5b0/109, E_0x55bd1badf5b0/110, E_0x55bd1badf5b0/111, E_0x55bd1badf5b0/112, E_0x55bd1badf5b0/113, E_0x55bd1badf5b0/114, E_0x55bd1badf5b0/115, E_0x55bd1badf5b0/116, E_0x55bd1badf5b0/117, E_0x55bd1badf5b0/118, E_0x55bd1badf5b0/119, E_0x55bd1badf5b0/120, E_0x55bd1badf5b0/121, E_0x55bd1badf5b0/122, E_0x55bd1badf5b0/123, E_0x55bd1badf5b0/124, E_0x55bd1badf5b0/125, E_0x55bd1badf5b0/126, E_0x55bd1badf5b0/127, E_0x55bd1badf5b0/128, E_0x55bd1badf5b0/129, E_0x55bd1badf5b0/130, E_0x55bd1badf5b0/131, E_0x55bd1badf5b0/132, E_0x55bd1badf5b0/133, E_0x55bd1badf5b0/134, E_0x55bd1badf5b0/135, E_0x55bd1badf5b0/136, E_0x55bd1badf5b0/137, E_0x55bd1badf5b0/138, E_0x55bd1badf5b0/139, E_0x55bd1badf5b0/140, E_0x55bd1badf5b0/141, E_0x55bd1badf5b0/142, E_0x55bd1badf5b0/143, E_0x55bd1badf5b0/144, E_0x55bd1badf5b0/145, E_0x55bd1badf5b0/146, E_0x55bd1badf5b0/147, E_0x55bd1badf5b0/148, E_0x55bd1badf5b0/149, E_0x55bd1badf5b0/150, E_0x55bd1badf5b0/151, E_0x55bd1badf5b0/152, E_0x55bd1badf5b0/153, E_0x55bd1badf5b0/154, E_0x55bd1badf5b0/155, E_0x55bd1badf5b0/156, E_0x55bd1badf5b0/157, E_0x55bd1badf5b0/158, E_0x55bd1badf5b0/159, E_0x55bd1badf5b0/160, E_0x55bd1badf5b0/161, E_0x55bd1badf5b0/162, E_0x55bd1badf5b0/163, E_0x55bd1badf5b0/164, E_0x55bd1badf5b0/165, E_0x55bd1badf5b0/166, E_0x55bd1badf5b0/167, E_0x55bd1badf5b0/168, E_0x55bd1badf5b0/169, E_0x55bd1badf5b0/170, E_0x55bd1badf5b0/171, E_0x55bd1badf5b0/172, E_0x55bd1badf5b0/173, E_0x55bd1badf5b0/174, E_0x55bd1badf5b0/175, E_0x55bd1badf5b0/176, E_0x55bd1badf5b0/177, E_0x55bd1badf5b0/178, E_0x55bd1badf5b0/179, E_0x55bd1badf5b0/180, E_0x55bd1badf5b0/181, E_0x55bd1badf5b0/182, E_0x55bd1badf5b0/183, E_0x55bd1badf5b0/184, E_0x55bd1badf5b0/185, E_0x55bd1badf5b0/186, E_0x55bd1badf5b0/187, E_0x55bd1badf5b0/188, E_0x55bd1badf5b0/189, E_0x55bd1badf5b0/190, E_0x55bd1badf5b0/191, E_0x55bd1badf5b0/192, E_0x55bd1badf5b0/193, E_0x55bd1badf5b0/194, E_0x55bd1badf5b0/195, E_0x55bd1badf5b0/196, E_0x55bd1badf5b0/197, E_0x55bd1badf5b0/198, E_0x55bd1badf5b0/199, E_0x55bd1badf5b0/200, E_0x55bd1badf5b0/201, E_0x55bd1badf5b0/202, E_0x55bd1badf5b0/203, E_0x55bd1badf5b0/204, E_0x55bd1badf5b0/205, E_0x55bd1badf5b0/206, E_0x55bd1badf5b0/207, E_0x55bd1badf5b0/208, E_0x55bd1badf5b0/209, E_0x55bd1badf5b0/210, E_0x55bd1badf5b0/211, E_0x55bd1badf5b0/212, E_0x55bd1badf5b0/213, E_0x55bd1badf5b0/214, E_0x55bd1badf5b0/215, E_0x55bd1badf5b0/216, E_0x55bd1badf5b0/217, E_0x55bd1badf5b0/218, E_0x55bd1badf5b0/219, E_0x55bd1badf5b0/220, E_0x55bd1badf5b0/221, E_0x55bd1badf5b0/222, E_0x55bd1badf5b0/223, E_0x55bd1badf5b0/224, E_0x55bd1badf5b0/225, E_0x55bd1badf5b0/226, E_0x55bd1badf5b0/227, E_0x55bd1badf5b0/228, E_0x55bd1badf5b0/229, E_0x55bd1badf5b0/230, E_0x55bd1badf5b0/231, E_0x55bd1badf5b0/232, E_0x55bd1badf5b0/233, E_0x55bd1badf5b0/234, E_0x55bd1badf5b0/235, E_0x55bd1badf5b0/236, E_0x55bd1badf5b0/237, E_0x55bd1badf5b0/238, E_0x55bd1badf5b0/239, E_0x55bd1badf5b0/240, E_0x55bd1badf5b0/241, E_0x55bd1badf5b0/242, E_0x55bd1badf5b0/243, E_0x55bd1badf5b0/244, E_0x55bd1badf5b0/245, E_0x55bd1badf5b0/246, E_0x55bd1badf5b0/247, E_0x55bd1badf5b0/248, E_0x55bd1badf5b0/249, E_0x55bd1badf5b0/250, E_0x55bd1badf5b0/251, E_0x55bd1badf5b0/252, E_0x55bd1badf5b0/253, E_0x55bd1badf5b0/254, E_0x55bd1badf5b0/255, E_0x55bd1badf5b0/256;
    .scope S_0x55bd1bb36c00;
T_0 ;
    %pushi/vec4 0, 0, 32;
    %store/vec4 v0x55bd1bb39130_0, 0, 32;
T_0.0 ;
    %load/vec4 v0x55bd1bb39130_0;
    %cmpi/s 1024, 0, 32;
    %jmp/0xz T_0.1, 5;
    %pushi/vec4 0, 0, 32;
    %ix/getv/s 4, v0x55bd1bb39130_0;
    %store/vec4a v0x55bd1bb393a0, 4, 0;
    %load/vec4 v0x55bd1bb39130_0;
    %addi 1, 0, 32;
    %store/vec4 v0x55bd1bb39130_0, 0, 32;
    %jmp T_0.0;
T_0.1 ;
    %end;
    .thread T_0;
    .scope S_0x55bd1bb36c00;
T_1 ;
    %wait E_0x55bd1badf5b0;
    %load/vec4 v0x55bd1bb39290_0;
    %flag_set/vec4 8;
    %jmp/0xz  T_1.0, 8;
    %load/vec4 v0x55bd1bb391d0_0;
    %ix/getv 4, v0x55bd1bb38f70_0;
    %store/vec4a v0x55bd1bb393a0, 4, 0;
    %pushi/vec4 0, 0, 32;
    %assign/vec4 v0x55bd1bb43470_0, 0;
    %jmp T_1.1;
T_1.0 ;
    %ix/getv 4, v0x55bd1bb38f70_0;
    %load/vec4a v0x55bd1bb393a0, 4;
    %assign/vec4 v0x55bd1bb43470_0, 0;
T_1.1 ;
    %jmp T_1;
    .thread T_1, $push;
    .scope S_0x55bd1bb26050;
T_2 ;
    %wait E_0x55bd1badf190;
    %load/vec4 v0x55bd1bb36630_0;
    %parti/s 5, 7, 4;
    %assign/vec4 v0x55bd1bb36840_0, 0;
    %load/vec4 v0x55bd1bb36630_0;
    %parti/s 5, 15, 5;
    %assign/vec4 v0x55bd1bb36920_0, 0;
    %load/vec4 v0x55bd1bb36630_0;
    %parti/s 5, 20, 6;
    %assign/vec4 v0x55bd1bb36a00_0, 0;
    %load/vec4 v0x55bd1bb36630_0;
    %parti/s 3, 12, 5;
    %pad/u 7;
    %assign/vec4 v0x55bd1bb36760_0, 0;
    %load/vec4 v0x55bd1bb36630_0;
    %parti/s 7, 0, 2;
    %dup/vec4;
    %pushi/vec4 19, 0, 7;
    %cmp/u;
    %jmp/1 T_2.0, 6;
    %dup/vec4;
    %pushi/vec4 51, 0, 7;
    %cmp/u;
    %jmp/1 T_2.1, 6;
    %dup/vec4;
    %pushi/vec4 55, 0, 7;
    %cmp/u;
    %jmp/1 T_2.2, 6;
    %dup/vec4;
    %pushi/vec4 23, 0, 7;
    %cmp/u;
    %jmp/1 T_2.3, 6;
    %dup/vec4;
    %pushi/vec4 111, 0, 7;
    %cmp/u;
    %jmp/1 T_2.4, 6;
    %dup/vec4;
    %pushi/vec4 103, 0, 7;
    %cmp/u;
    %jmp/1 T_2.5, 6;
    %dup/vec4;
    %pushi/vec4 99, 0, 7;
    %cmp/u;
    %jmp/1 T_2.6, 6;
    %dup/vec4;
    %pushi/vec4 3, 0, 7;
    %cmp/u;
    %jmp/1 T_2.7, 6;
    %dup/vec4;
    %pushi/vec4 35, 0, 7;
    %cmp/u;
    %jmp/1 T_2.8, 6;
    %dup/vec4;
    %pushi/vec4 15, 0, 7;
    %cmp/u;
    %jmp/1 T_2.9, 6;
    %dup/vec4;
    %pushi/vec4 115, 0, 7;
    %cmp/u;
    %jmp/1 T_2.10, 6;
    %jmp T_2.11;
T_2.0 ;
    %load/vec4 v0x55bd1bb36630_0;
    %parti/s 12, 20, 6;
    %pad/u 32;
    %assign/vec4 v0x55bd1bb36550_0, 0;
    %jmp T_2.11;
T_2.1 ;
    %load/vec4 v0x55bd1bb36630_0;
    %parti/s 12, 20, 6;
    %pad/u 32;
    %assign/vec4 v0x55bd1bb36550_0, 0;
    %jmp T_2.11;
T_2.2 ;
    %load/vec4 v0x55bd1bb36630_0;
    %parti/s 20, 12, 5;
    %pad/u 32;
    %assign/vec4 v0x55bd1bb36550_0, 0;
    %jmp T_2.11;
T_2.3 ;
    %load/vec4 v0x55bd1bb36630_0;
    %parti/s 20, 12, 5;
    %pad/u 32;
    %assign/vec4 v0x55bd1bb36550_0, 0;
    %jmp T_2.11;
T_2.4 ;
    %load/vec4 v0x55bd1bb36630_0;
    %parti/s 20, 12, 5;
    %pad/u 32;
    %assign/vec4 v0x55bd1bb36550_0, 0;
    %jmp T_2.11;
T_2.5 ;
    %load/vec4 v0x55bd1bb36630_0;
    %parti/s 12, 20, 6;
    %pad/u 32;
    %assign/vec4 v0x55bd1bb36550_0, 0;
    %jmp T_2.11;
T_2.6 ;
    %load/vec4 v0x55bd1bb36630_0;
    %parti/s 7, 25, 6;
    %load/vec4 v0x55bd1bb36630_0;
    %parti/s 5, 7, 4;
    %concat/vec4; draw_concat_vec4
    %pad/u 32;
    %assign/vec4 v0x55bd1bb36550_0, 0;
    %jmp T_2.11;
T_2.7 ;
    %load/vec4 v0x55bd1bb36630_0;
    %parti/s 12, 20, 6;
    %pad/u 32;
    %assign/vec4 v0x55bd1bb36550_0, 0;
    %jmp T_2.11;
T_2.8 ;
    %load/vec4 v0x55bd1bb36630_0;
    %parti/s 7, 25, 6;
    %load/vec4 v0x55bd1bb36630_0;
    %parti/s 5, 7, 4;
    %concat/vec4; draw_concat_vec4
    %pad/u 32;
    %assign/vec4 v0x55bd1bb36550_0, 0;
    %jmp T_2.11;
T_2.9 ;
    %vpi_call 3 67 "$display", "MEM mei xie" {0 0 0};
    %jmp T_2.11;
T_2.10 ;
    %vpi_call 3 69 "$display", "SYS mei xie" {0 0 0};
    %jmp T_2.11;
T_2.11 ;
    %pop/vec4 1;
    %jmp T_2;
    .thread T_2, $push;
    .scope S_0x55bd1bb25da0;
T_3 ;
    %pushi/vec4 0, 0, 32;
    %store/vec4 v0x55bd1bb43e70_0, 0, 32;
    %pushi/vec4 1, 0, 1;
    %store/vec4 v0x55bd1bb43b30_0, 0, 1;
    %end;
    .thread T_3;
    .scope S_0x55bd1bb25da0;
T_4 ;
    %wait E_0x55bd1badfdf0;
    %load/vec4 v0x55bd1bb43b30_0;
    %flag_set/vec4 8;
    %jmp/0xz  T_4.0, 8;
    %load/vec4 v0x55bd1bb441b0_0;
    %store/vec4 v0x55bd1bb439f0_0, 0, 32;
    %load/vec4 v0x55bd1bb43e70_0;
    %addi 4, 0, 32;
    %store/vec4 v0x55bd1bb43e70_0, 0, 32;
    %load/vec4 v0x55bd1bb43db0_0;
    %cmpi/e 99, 0, 7;
    %jmp/0xz  T_4.2, 4;
    %pushi/vec4 0, 0, 1;
    %store/vec4 v0x55bd1bb43b30_0, 0, 1;
T_4.2 ;
T_4.0 ;
    %jmp T_4;
    .thread T_4;
# The file index is used to find the file name in the following table.
:file_names 5;
    "N/A";
    "<interactive>";
    "instr_ctrl.v";
    "./decoder.v";
    "./ram.v";
